2026-01-23 08:07:44.291 -06:00 [INF] Station.DbInfo start
2026-01-23 08:07:59.561 -06:00 [ERR] Station.DbInfo error
System.InvalidOperationException: Error al validar conexión con la base de datos.
 ---> Microsoft.Data.SqlClient.SqlException (0x80131904): Error relacionado con la red o específico de la instancia mientras se establecía una conexión con el servidor SQL Server. No se encontró el servidor o éste no estaba accesible. Compruebe que el nombre de la instancia es correcto y que SQL Server está configurado para admitir conexiones remotas. (provider: Proveedor de canalizaciones con nombre, error: 40 - No se pudo abrir una conexión con SQL Server)
 ---> System.ComponentModel.Win32Exception (2): El sistema no puede encontrar el archivo especificado.
   at Microsoft.Data.SqlClient.SqlInternalConnection.OnError(SqlException exception, Boolean breakConnection, Action`1 wrapCloseInAction)
   at Microsoft.Data.SqlClient.TdsParser.ThrowExceptionAndWarning(TdsParserStateObject stateObj, SqlCommand command, Boolean callerHasConnectionLock, Boolean asyncClose)
   at Microsoft.Data.SqlClient.TdsParser.Connect(ServerInfo serverInfo, SqlInternalConnectionTds connHandler, TimeoutTimer timeout, SqlConnectionString connectionOptions, Boolean withFailover)
   at Microsoft.Data.SqlClient.SqlInternalConnectionTds.AttemptOneLogin(ServerInfo serverInfo, String newPassword, SecureString newSecurePassword, TimeoutTimer timeout, Boolean withFailover)
   at Microsoft.Data.SqlClient.SqlInternalConnectionTds.LoginNoFailover(ServerInfo serverInfo, String newPassword, SecureString newSecurePassword, Boolean redirectedUserInstance, SqlConnectionString connectionOptions, SqlCredential credential, TimeoutTimer timeout)
   at Microsoft.Data.SqlClient.SqlInternalConnectionTds.OpenLoginEnlist(TimeoutTimer timeout, SqlConnectionString connectionOptions, SqlCredential credential, String newPassword, SecureString newSecurePassword, Boolean redirectedUserInstance)
   at Microsoft.Data.SqlClient.SqlInternalConnectionTds..ctor(DbConnectionPoolIdentity identity, SqlConnectionString connectionOptions, SqlCredential credential, Object providerInfo, String newPassword, SecureString newSecurePassword, Boolean redirectedUserInstance, SqlConnectionString userConnectionOptions, SessionData reconnectSessionData, Boolean applyTransientFaultHandling, String accessToken, IDbConnectionPool pool, Func`3 accessTokenCallback)
   at Microsoft.Data.SqlClient.SqlConnectionFactory.CreateConnection(DbConnectionOptions options, DbConnectionPoolKey poolKey, DbConnectionPoolGroupProviderInfo poolGroupProviderInfo, IDbConnectionPool pool, DbConnection owningConnection, DbConnectionOptions userOptions)
   at Microsoft.Data.ProviderBase.DbConnectionFactory.CreatePooledConnection(IDbConnectionPool pool, DbConnection owningObject, DbConnectionOptions options, DbConnectionPoolKey poolKey, DbConnectionOptions userOptions)
   at Microsoft.Data.SqlClient.ConnectionPool.WaitHandleDbConnectionPool.CreateObject(DbConnection owningObject, DbConnectionOptions userOptions, DbConnectionInternal oldConnection)
   at Microsoft.Data.SqlClient.ConnectionPool.WaitHandleDbConnectionPool.UserCreateRequest(DbConnection owningObject, DbConnectionOptions userOptions, DbConnectionInternal oldConnection)
   at Microsoft.Data.SqlClient.ConnectionPool.WaitHandleDbConnectionPool.TryGetConnection(DbConnection owningObject, UInt32 waitForMultipleObjectsTimeout, Boolean allowCreate, Boolean onlyOneCheckConnection, DbConnectionOptions userOptions, DbConnectionInternal& connection)
   at Microsoft.Data.SqlClient.ConnectionPool.WaitHandleDbConnectionPool.WaitForPendingOpen()
--- End of stack trace from previous location ---
   at Microsoft.EntityFrameworkCore.Storage.RelationalConnection.OpenInternalAsync(Boolean errorsExpected, CancellationToken cancellationToken)
   at Microsoft.EntityFrameworkCore.Storage.RelationalConnection.OpenInternalAsync(Boolean errorsExpected, CancellationToken cancellationToken)
   at Microsoft.EntityFrameworkCore.Storage.RelationalConnection.OpenAsync(CancellationToken cancellationToken, Boolean errorsExpected)
   at Microsoft.EntityFrameworkCore.SqlServer.Storage.Internal.SqlServerExecutionStrategy.ExecuteAsync[TState,TResult](TState state, Func`4 operation, Func`4 verifySucceeded, CancellationToken cancellationToken)
   at ECNORSAppData.Services.CloseLoadService.GetDbInfoAsync(String station, CancellationToken ct) in C:\Users\S.padilla\source\repos\ENCORSApi\ECNORSAppData\Data\Services\CloseLoadService.cs:line 58
   at ECNORSAppData.Services.CloseLoadService.GetDbInfoAsync(String station, CancellationToken ct) in C:\Users\S.padilla\source\repos\ENCORSApi\ECNORSAppData\Data\Services\CloseLoadService.cs:line 61
ClientConnectionId:00000000-0000-0000-0000-000000000000
Error Number:2,State:0,Class:20
   --- End of inner exception stack trace ---
   at ECNORSAppData.Services.CloseLoadService.GetDbInfoAsync(String station, CancellationToken ct) in C:\Users\S.padilla\source\repos\ENCORSApi\ECNORSAppData\Data\Services\CloseLoadService.cs:line 65
   at ENCORSApi.Controllers.StationController.DbInfo(String station, CancellationToken ct)
2026-01-23 08:58:18.860 -06:00 [INF] BinnacleController | Top | Start | Estacion=Monterrey | dispensaryId=2
2026-01-23 08:58:31.075 -06:00 [INF] BinnacleController | Top | End(Ok) | Estacion=Monterrey | Id=2 | count=7
2026-01-23 08:58:33.501 -06:00 [INF] BinnacleController | Top | Start | Estacion=Monterrey | dispensaryId=2
2026-01-23 08:58:33.626 -06:00 [INF] BinnacleController | Top | End(Ok) | Estacion=Monterrey | Id=2 | count=7
2026-01-23 08:58:44.173 -06:00 [INF] BinnacleController| GetNetVolAuto | Start | Estacion=Monterrey | Dispensario=1 | Producto=2 | Gross=2 | Temp=2
2026-01-23 08:58:44.686 -06:00 [INF] BinnacleController| GetNetVolAuto | End(Ok) | Estacion=Monterrey | Dispensario=1 | Producto=2 | Neto=2.05
2026-01-23 08:58:54.729 -06:00 [INF] BinnacleController | Top | Start | Estacion=Monterrey | dispensaryId=2
2026-01-23 08:58:54.901 -06:00 [INF] BinnacleController | Top | End(Ok) | Estacion=Monterrey | Id=2 | count=7
2026-01-23 10:43:12.629 -06:00 [INF] StationController | DbInfo | Start | Estacion:Monterrey
2026-01-23 10:43:12.683 -06:00 [INF] StationController | DbInfo | Try | Estacion:Monterrey
2026-01-23 10:43:22.324 -06:00 [INF] StationController | DbInfo | End(Ok) | Estacion:Monterrey | Result: dbctg | 172.26.200.100
2026-01-23 10:43:22.571 -06:00 [INF] DispensaryController | Get | Start | Estation Monterrey 
2026-01-23 10:43:22.573 -06:00 [INF] DispensaryController | Get | Try| Estation Monterrey 
2026-01-23 10:43:23.416 -06:00 [INF] DispensaryController | Get | End(Ok) | Estation Monterrey 
2026-01-23 10:43:34.636 -06:00 [INF] BinnacleController | Top | Start | Estacion=Monterrey | dispensaryId=2
2026-01-23 10:43:34.641 -06:00 [INF] BinnacleController | Top | Try | Estacion=Monterrey | Id=2 
2026-01-23 10:43:34.707 -06:00 [INF] TransactionController | Top |  Start | Estacion: Monterrey |  dispensaryId: 2
2026-01-23 10:43:34.709 -06:00 [INF] TransactionController | Top |  Try | Estacion: Monterrey |  dispensaryId: 2
2026-01-23 10:43:34.938 -06:00 [INF] BinnacleController | Top | End(Ok) | Estacion=Monterrey | Id=2 | count=7
2026-01-23 10:43:39.895 -06:00 [INF] TransactionController | Top |  End(Ok) | Estacion: Monterrey |  dispensaryId: 2
2026-01-23 10:43:48.191 -06:00 [INF] TransactionController | BySequence | Start | Station: Monterrey | Secuencia: 361665
2026-01-23 10:43:48.194 -06:00 [INF] TransactionController | Try | SecuenciaIsNull | Station: Monterrey | Secuencia: 361665
2026-01-23 10:43:48.308 -06:00 [WRN] TransactionController | BySequence | BadRequest(ItemIsNull) | Station: Monterrey | Secuencia: 361665
2026-01-23 10:44:55.165 -06:00 [INF] BinnacleController| GetNetVolAuto | Start | Estacion=Monterrey | Dispensario=2 | Producto=3 | Gross=2 | Temp=2
2026-01-23 10:44:55.634 -06:00 [INF] BinnacleController| GetNetVolAuto | End(Ok) | Estacion=Monterrey | Dispensario=2 | Producto=3 | Neto=2.03
2026-01-23 10:51:01.874 -06:00 [INF] StationController | DbInfo | Start | Estacion:Monterrey
2026-01-23 10:51:01.927 -06:00 [INF] StationController | DbInfo | Try | Estacion:Monterrey
2026-01-23 10:51:11.613 -06:00 [INF] StationController | DbInfo | End(Ok) | Estacion:Monterrey | Result: dbctg | 172.26.200.100
2026-01-23 10:51:11.877 -06:00 [INF] DispensaryController | Get | Start | Estation Monterrey 
2026-01-23 10:51:11.881 -06:00 [INF] DispensaryController | Get | Try| Estation Monterrey 
2026-01-23 10:51:12.657 -06:00 [INF] DispensaryController | Get | End(Ok) | Estation Monterrey 
2026-01-23 10:51:18.069 -06:00 [INF] BinnacleController | Top | Start | Estacion=Monterrey | dispensaryId=2
2026-01-23 10:51:18.074 -06:00 [INF] BinnacleController | Top | Try | Estacion=Monterrey | Id=2 
2026-01-23 10:51:18.119 -06:00 [INF] TransactionController | Top |  Start | Estacion: Monterrey |  dispensaryId: 2
2026-01-23 10:51:18.121 -06:00 [INF] TransactionController | Top |  Try | Estacion: Monterrey |  dispensaryId: 2
2026-01-23 10:51:18.357 -06:00 [INF] BinnacleController | Top | End(Ok) | Estacion=Monterrey | Id=2 | count=7
2026-01-23 10:51:23.320 -06:00 [INF] TransactionController | Top |  End(Ok) | Estacion: Monterrey |  dispensaryId: 2
2026-01-23 10:51:39.196 -06:00 [INF] StationController | DbInfo | Start | Estacion:Laboratorio
2026-01-23 10:51:39.198 -06:00 [INF] StationController | DbInfo | Try | Estacion:Laboratorio
2026-01-23 10:51:54.344 -06:00 [ERR] StationController | DbInfo | End(Err) | Estacion:Laboratorio
System.InvalidOperationException: Error al validar conexión con la base de datos.
 ---> Microsoft.Data.SqlClient.SqlException (0x80131904): Error relacionado con la red o específico de la instancia mientras se establecía una conexión con el servidor SQL Server. No se encontró el servidor o éste no estaba accesible. Compruebe que el nombre de la instancia es correcto y que SQL Server está configurado para admitir conexiones remotas. (provider: Proveedor de canalizaciones con nombre, error: 40 - No se pudo abrir una conexión con SQL Server)
 ---> System.ComponentModel.Win32Exception (2): El sistema no puede encontrar el archivo especificado.
   at Microsoft.Data.SqlClient.SqlInternalConnection.OnError(SqlException exception, Boolean breakConnection, Action`1 wrapCloseInAction)
   at Microsoft.Data.SqlClient.TdsParser.ThrowExceptionAndWarning(TdsParserStateObject stateObj, SqlCommand command, Boolean callerHasConnectionLock, Boolean asyncClose)
   at Microsoft.Data.SqlClient.TdsParser.Connect(ServerInfo serverInfo, SqlInternalConnectionTds connHandler, TimeoutTimer timeout, SqlConnectionString connectionOptions, Boolean withFailover)
   at Microsoft.Data.SqlClient.SqlInternalConnectionTds.AttemptOneLogin(ServerInfo serverInfo, String newPassword, SecureString newSecurePassword, TimeoutTimer timeout, Boolean withFailover)
   at Microsoft.Data.SqlClient.SqlInternalConnectionTds.LoginNoFailover(ServerInfo serverInfo, String newPassword, SecureString newSecurePassword, Boolean redirectedUserInstance, SqlConnectionString connectionOptions, SqlCredential credential, TimeoutTimer timeout)
   at Microsoft.Data.SqlClient.SqlInternalConnectionTds.OpenLoginEnlist(TimeoutTimer timeout, SqlConnectionString connectionOptions, SqlCredential credential, String newPassword, SecureString newSecurePassword, Boolean redirectedUserInstance)
   at Microsoft.Data.SqlClient.SqlInternalConnectionTds..ctor(DbConnectionPoolIdentity identity, SqlConnectionString connectionOptions, SqlCredential credential, Object providerInfo, String newPassword, SecureString newSecurePassword, Boolean redirectedUserInstance, SqlConnectionString userConnectionOptions, SessionData reconnectSessionData, Boolean applyTransientFaultHandling, String accessToken, IDbConnectionPool pool, Func`3 accessTokenCallback)
   at Microsoft.Data.SqlClient.SqlConnectionFactory.CreateConnection(DbConnectionOptions options, DbConnectionPoolKey poolKey, DbConnectionPoolGroupProviderInfo poolGroupProviderInfo, IDbConnectionPool pool, DbConnection owningConnection, DbConnectionOptions userOptions)
   at Microsoft.Data.ProviderBase.DbConnectionFactory.CreatePooledConnection(IDbConnectionPool pool, DbConnection owningObject, DbConnectionOptions options, DbConnectionPoolKey poolKey, DbConnectionOptions userOptions)
   at Microsoft.Data.SqlClient.ConnectionPool.WaitHandleDbConnectionPool.CreateObject(DbConnection owningObject, DbConnectionOptions userOptions, DbConnectionInternal oldConnection)
   at Microsoft.Data.SqlClient.ConnectionPool.WaitHandleDbConnectionPool.UserCreateRequest(DbConnection owningObject, DbConnectionOptions userOptions, DbConnectionInternal oldConnection)
   at Microsoft.Data.SqlClient.ConnectionPool.WaitHandleDbConnectionPool.TryGetConnection(DbConnection owningObject, UInt32 waitForMultipleObjectsTimeout, Boolean allowCreate, Boolean onlyOneCheckConnection, DbConnectionOptions userOptions, DbConnectionInternal& connection)
   at Microsoft.Data.SqlClient.ConnectionPool.WaitHandleDbConnectionPool.WaitForPendingOpen()
--- End of stack trace from previous location ---
   at Microsoft.EntityFrameworkCore.Storage.RelationalConnection.OpenInternalAsync(Boolean errorsExpected, CancellationToken cancellationToken)
   at Microsoft.EntityFrameworkCore.Storage.RelationalConnection.OpenInternalAsync(Boolean errorsExpected, CancellationToken cancellationToken)
   at Microsoft.EntityFrameworkCore.Storage.RelationalConnection.OpenAsync(CancellationToken cancellationToken, Boolean errorsExpected)
   at Microsoft.EntityFrameworkCore.SqlServer.Storage.Internal.SqlServerExecutionStrategy.ExecuteAsync[TState,TResult](TState state, Func`4 operation, Func`4 verifySucceeded, CancellationToken cancellationToken)
   at ECNORSAppData.Services.CloseLoadService.GetDbInfoAsync(String station, CancellationToken ct) in C:\Users\S.padilla\source\repos\ENCORSApi\ECNORSAppData\Data\Services\CloseLoadService.cs:line 58
   at ECNORSAppData.Services.CloseLoadService.GetDbInfoAsync(String station, CancellationToken ct) in C:\Users\S.padilla\source\repos\ENCORSApi\ECNORSAppData\Data\Services\CloseLoadService.cs:line 61
ClientConnectionId:00000000-0000-0000-0000-000000000000
Error Number:2,State:0,Class:20
   --- End of inner exception stack trace ---
   at ECNORSAppData.Services.CloseLoadService.GetDbInfoAsync(String station, CancellationToken ct) in C:\Users\S.padilla\source\repos\ENCORSApi\ECNORSAppData\Data\Services\CloseLoadService.cs:line 65
   at ENCORSApi.Controllers.StationController.DbInfo(String station, CancellationToken ct) in C:\Users\S.padilla\source\repos\ENCORSApi\ENCORSApi\Controllers\StationController.cs:line 27
2026-01-23 10:52:05.897 -06:00 [INF] StationController | DbInfo | Start | Estacion:Monterrey
2026-01-23 10:52:05.899 -06:00 [INF] StationController | DbInfo | Try | Estacion:Monterrey
2026-01-23 10:52:05.902 -06:00 [INF] StationController | DbInfo | End(Ok) | Estacion:Monterrey | Result: dbctg | 172.26.200.100
2026-01-23 10:52:05.927 -06:00 [INF] DispensaryController | Get | Start | Estation Monterrey 
2026-01-23 10:52:05.929 -06:00 [INF] DispensaryController | Get | Try| Estation Monterrey 
2026-01-23 10:52:06.023 -06:00 [INF] DispensaryController | Get | End(Ok) | Estation Monterrey 
2026-01-23 10:56:30.710 -06:00 [INF] StationController | DbInfo | Start | Estacion:Laboratorio
2026-01-23 10:56:30.756 -06:00 [INF] StationController | DbInfo | Try | Estacion:Laboratorio
2026-01-23 10:56:49.932 -06:00 [ERR] StationController | DbInfo | End(Err) | Estacion:Laboratorio
System.InvalidOperationException: Error al validar conexión con la base de datos.
 ---> Microsoft.Data.SqlClient.SqlException (0x80131904): Error relacionado con la red o específico de la instancia mientras se establecía una conexión con el servidor SQL Server. No se encontró el servidor o éste no estaba accesible. Compruebe que el nombre de la instancia es correcto y que SQL Server está configurado para admitir conexiones remotas. (provider: Proveedor de canalizaciones con nombre, error: 40 - No se pudo abrir una conexión con SQL Server)
 ---> System.ComponentModel.Win32Exception (2): El sistema no puede encontrar el archivo especificado.
   at Microsoft.Data.SqlClient.SqlInternalConnection.OnError(SqlException exception, Boolean breakConnection, Action`1 wrapCloseInAction)
   at Microsoft.Data.SqlClient.TdsParser.ThrowExceptionAndWarning(TdsParserStateObject stateObj, SqlCommand command, Boolean callerHasConnectionLock, Boolean asyncClose)
   at Microsoft.Data.SqlClient.TdsParser.Connect(ServerInfo serverInfo, SqlInternalConnectionTds connHandler, TimeoutTimer timeout, SqlConnectionString connectionOptions, Boolean withFailover)
   at Microsoft.Data.SqlClient.SqlInternalConnectionTds.AttemptOneLogin(ServerInfo serverInfo, String newPassword, SecureString newSecurePassword, TimeoutTimer timeout, Boolean withFailover)
   at Microsoft.Data.SqlClient.SqlInternalConnectionTds.LoginNoFailover(ServerInfo serverInfo, String newPassword, SecureString newSecurePassword, Boolean redirectedUserInstance, SqlConnectionString connectionOptions, SqlCredential credential, TimeoutTimer timeout)
   at Microsoft.Data.SqlClient.SqlInternalConnectionTds.OpenLoginEnlist(TimeoutTimer timeout, SqlConnectionString connectionOptions, SqlCredential credential, String newPassword, SecureString newSecurePassword, Boolean redirectedUserInstance)
   at Microsoft.Data.SqlClient.SqlInternalConnectionTds..ctor(DbConnectionPoolIdentity identity, SqlConnectionString connectionOptions, SqlCredential credential, Object providerInfo, String newPassword, SecureString newSecurePassword, Boolean redirectedUserInstance, SqlConnectionString userConnectionOptions, SessionData reconnectSessionData, Boolean applyTransientFaultHandling, String accessToken, IDbConnectionPool pool, Func`3 accessTokenCallback)
   at Microsoft.Data.SqlClient.SqlConnectionFactory.CreateConnection(DbConnectionOptions options, DbConnectionPoolKey poolKey, DbConnectionPoolGroupProviderInfo poolGroupProviderInfo, IDbConnectionPool pool, DbConnection owningConnection, DbConnectionOptions userOptions)
   at Microsoft.Data.ProviderBase.DbConnectionFactory.CreatePooledConnection(IDbConnectionPool pool, DbConnection owningObject, DbConnectionOptions options, DbConnectionPoolKey poolKey, DbConnectionOptions userOptions)
   at Microsoft.Data.SqlClient.ConnectionPool.WaitHandleDbConnectionPool.CreateObject(DbConnection owningObject, DbConnectionOptions userOptions, DbConnectionInternal oldConnection)
   at Microsoft.Data.SqlClient.ConnectionPool.WaitHandleDbConnectionPool.UserCreateRequest(DbConnection owningObject, DbConnectionOptions userOptions, DbConnectionInternal oldConnection)
   at Microsoft.Data.SqlClient.ConnectionPool.WaitHandleDbConnectionPool.TryGetConnection(DbConnection owningObject, UInt32 waitForMultipleObjectsTimeout, Boolean allowCreate, Boolean onlyOneCheckConnection, DbConnectionOptions userOptions, DbConnectionInternal& connection)
   at Microsoft.Data.SqlClient.ConnectionPool.WaitHandleDbConnectionPool.WaitForPendingOpen()
--- End of stack trace from previous location ---
   at Microsoft.EntityFrameworkCore.Storage.RelationalConnection.OpenInternalAsync(Boolean errorsExpected, CancellationToken cancellationToken)
   at Microsoft.EntityFrameworkCore.Storage.RelationalConnection.OpenInternalAsync(Boolean errorsExpected, CancellationToken cancellationToken)
   at Microsoft.EntityFrameworkCore.Storage.RelationalConnection.OpenAsync(CancellationToken cancellationToken, Boolean errorsExpected)
   at Microsoft.EntityFrameworkCore.SqlServer.Storage.Internal.SqlServerExecutionStrategy.ExecuteAsync[TState,TResult](TState state, Func`4 operation, Func`4 verifySucceeded, CancellationToken cancellationToken)
   at ECNORSAppData.Services.CloseLoadService.GetDbInfoAsync(String station, CancellationToken ct) in C:\Users\S.padilla\source\repos\ENCORSApi\ECNORSAppData\Data\Services\CloseLoadService.cs:line 58
   at ECNORSAppData.Services.CloseLoadService.GetDbInfoAsync(String station, CancellationToken ct) in C:\Users\S.padilla\source\repos\ENCORSApi\ECNORSAppData\Data\Services\CloseLoadService.cs:line 61
ClientConnectionId:00000000-0000-0000-0000-000000000000
Error Number:2,State:0,Class:20
   --- End of inner exception stack trace ---
   at ECNORSAppData.Services.CloseLoadService.GetDbInfoAsync(String station, CancellationToken ct) in C:\Users\S.padilla\source\repos\ENCORSApi\ECNORSAppData\Data\Services\CloseLoadService.cs:line 65
   at ENCORSApi.Controllers.StationController.DbInfo(String station, CancellationToken ct) in C:\Users\S.padilla\source\repos\ENCORSApi\ENCORSApi\Controllers\StationController.cs:line 27
2026-01-23 10:56:52.974 -06:00 [INF] StationController | DbInfo | Start | Estacion:Laboratorio
2026-01-23 10:56:52.976 -06:00 [INF] StationController | DbInfo | Try | Estacion:Laboratorio
2026-01-23 10:56:53.119 -06:00 [ERR] StationController | DbInfo | End(Err) | Estacion:Laboratorio
System.InvalidOperationException: Error al validar conexión con la base de datos.
 ---> Microsoft.Data.SqlClient.SqlException (0x80131904): Error relacionado con la red o específico de la instancia mientras se establecía una conexión con el servidor SQL Server. No se encontró el servidor o éste no estaba accesible. Compruebe que el nombre de la instancia es correcto y que SQL Server está configurado para admitir conexiones remotas. (provider: Proveedor de canalizaciones con nombre, error: 40 - No se pudo abrir una conexión con SQL Server)
 ---> System.ComponentModel.Win32Exception (2): El sistema no puede encontrar el archivo especificado.
   at Microsoft.Data.SqlClient.ConnectionPool.WaitHandleDbConnectionPool.TryGetConnection(DbConnection owningObject, UInt32 waitForMultipleObjectsTimeout, Boolean allowCreate, Boolean onlyOneCheckConnection, DbConnectionOptions userOptions, DbConnectionInternal& connection)
   at Microsoft.Data.SqlClient.ConnectionPool.WaitHandleDbConnectionPool.TryGetConnection(DbConnection owningObject, TaskCompletionSource`1 taskCompletionSource, DbConnectionOptions userOptions, DbConnectionInternal& connection)
   at Microsoft.Data.ProviderBase.DbConnectionFactory.TryGetConnection(DbConnection owningConnection, TaskCompletionSource`1 retry, DbConnectionOptions userOptions, DbConnectionInternal oldConnection, DbConnectionInternal& connection)
   at Microsoft.Data.ProviderBase.DbConnectionInternal.TryOpenConnectionInternal(DbConnection outerConnection, DbConnectionFactory connectionFactory, TaskCompletionSource`1 retry, DbConnectionOptions userOptions)
   at Microsoft.Data.ProviderBase.DbConnectionClosed.TryOpenConnection(DbConnection outerConnection, DbConnectionFactory connectionFactory, TaskCompletionSource`1 retry, DbConnectionOptions userOptions)
   at Microsoft.Data.SqlClient.SqlConnection.TryOpen(TaskCompletionSource`1 retry, SqlConnectionOverrides overrides)
   at Microsoft.Data.SqlClient.SqlConnection.InternalOpenAsync(SqlConnectionOverrides overrides, CancellationToken cancellationToken)
--- End of stack trace from previous location ---
   at Microsoft.EntityFrameworkCore.Storage.RelationalConnection.OpenInternalAsync(Boolean errorsExpected, CancellationToken cancellationToken)
   at Microsoft.EntityFrameworkCore.Storage.RelationalConnection.OpenInternalAsync(Boolean errorsExpected, CancellationToken cancellationToken)
   at Microsoft.EntityFrameworkCore.Storage.RelationalConnection.OpenAsync(CancellationToken cancellationToken, Boolean errorsExpected)
   at Microsoft.EntityFrameworkCore.SqlServer.Storage.Internal.SqlServerExecutionStrategy.ExecuteAsync[TState,TResult](TState state, Func`4 operation, Func`4 verifySucceeded, CancellationToken cancellationToken)
   at ECNORSAppData.Services.CloseLoadService.GetDbInfoAsync(String station, CancellationToken ct) in C:\Users\S.padilla\source\repos\ENCORSApi\ECNORSAppData\Data\Services\CloseLoadService.cs:line 58
   at ECNORSAppData.Services.CloseLoadService.GetDbInfoAsync(String station, CancellationToken ct) in C:\Users\S.padilla\source\repos\ENCORSApi\ECNORSAppData\Data\Services\CloseLoadService.cs:line 61
ClientConnectionId:00000000-0000-0000-0000-000000000000
Error Number:2,State:0,Class:20
   --- End of inner exception stack trace ---
   at ECNORSAppData.Services.CloseLoadService.GetDbInfoAsync(String station, CancellationToken ct) in C:\Users\S.padilla\source\repos\ENCORSApi\ECNORSAppData\Data\Services\CloseLoadService.cs:line 65
   at ENCORSApi.Controllers.StationController.DbInfo(String station, CancellationToken ct) in C:\Users\S.padilla\source\repos\ENCORSApi\ENCORSApi\Controllers\StationController.cs:line 27
2026-01-23 10:57:02.278 -06:00 [INF] StationController | DbInfo | Start | Estacion:Monterrey
2026-01-23 10:57:02.280 -06:00 [INF] StationController | DbInfo | Try | Estacion:Monterrey
2026-01-23 10:57:08.094 -06:00 [INF] StationController | DbInfo | End(Ok) | Estacion:Monterrey | Result: dbctg | 172.26.200.100
2026-01-23 10:57:08.151 -06:00 [INF] DispensaryController | Get | Start | Estation Monterrey 
2026-01-23 10:57:08.153 -06:00 [INF] DispensaryController | Get | Try| Estation Monterrey 
2026-01-23 10:57:09.018 -06:00 [INF] DispensaryController | Get | End(Ok) | Estation Monterrey 
2026-01-23 10:57:12.154 -06:00 [INF] BinnacleController | Top | Start | Estacion=Monterrey | dispensaryId=2
2026-01-23 10:57:12.159 -06:00 [INF] BinnacleController | Top | Try | Estacion=Monterrey | Id=2 
2026-01-23 10:57:12.197 -06:00 [INF] TransactionController | Top |  Start | Estacion: Monterrey |  dispensaryId: 2
2026-01-23 10:57:12.200 -06:00 [INF] TransactionController | Top |  Try | Estacion: Monterrey |  dispensaryId: 2
2026-01-23 10:57:12.415 -06:00 [INF] BinnacleController | Top | End(Ok) | Estacion=Monterrey | Id=2 | count=7
2026-01-23 10:57:17.633 -06:00 [INF] TransactionController | Top |  End(Ok) | Estacion: Monterrey |  dispensaryId: 2
2026-01-23 10:57:28.852 -06:00 [INF] TransactionController | BySequence | Start | Station: Monterrey | Secuencia: 361665
2026-01-23 10:57:28.854 -06:00 [INF] TransactionController| BySequence | Try | Station: Monterrey | Secuencia: 361665
2026-01-23 10:57:28.940 -06:00 [WRN] TransactionController | BySequence | NotFound(ItemIsNull) | Station: Monterrey | Secuencia: 361665
2026-01-23 10:58:36.527 -06:00 [INF] StationController | DbInfo | Start | Estacion:Monterrey
2026-01-23 10:58:36.582 -06:00 [INF] StationController | DbInfo | Try | Estacion:Monterrey
2026-01-23 10:58:45.905 -06:00 [INF] StationController | DbInfo | End(Ok) | Estacion:Monterrey | Result: dbctg | 172.26.200.100
2026-01-23 10:58:46.212 -06:00 [INF] DispensaryController | Get | Start | Estation Monterrey 
2026-01-23 10:58:46.215 -06:00 [INF] DispensaryController | Get | Try| Estation Monterrey 
2026-01-23 10:58:46.855 -06:00 [INF] DispensaryController | Get | End(Ok) | Estation Monterrey 
2026-01-23 10:59:01.656 -06:00 [INF] BinnacleController | Top | Start | Estacion=Monterrey | dispensaryId=2
2026-01-23 10:59:01.661 -06:00 [INF] BinnacleController | Top | Try | Estacion=Monterrey | Id=2 
2026-01-23 10:59:01.783 -06:00 [INF] TransactionController | Top |  Start | Estacion: Monterrey |  dispensaryId: 2
2026-01-23 10:59:01.785 -06:00 [INF] TransactionController | Top |  Try | Estacion: Monterrey |  dispensaryId: 2
2026-01-23 10:59:01.927 -06:00 [INF] BinnacleController | Top | End(Ok) | Estacion=Monterrey | Id=2 | count=7
2026-01-23 10:59:06.751 -06:00 [INF] TransactionController | Top |  End(Ok) | Estacion: Monterrey |  dispensaryId: 2
2026-01-23 10:59:14.386 -06:00 [INF] TransactionController | BySequence | Start | Station: Monterrey | Secuencia: 361665
2026-01-23 10:59:14.389 -06:00 [INF] TransactionController| BySequence | Try | Station: Monterrey | Secuencia: 361665
2026-01-23 10:59:14.474 -06:00 [WRN] TransactionController | BySequence | NotFound(ItemIsNull) | Station: Monterrey | Secuencia: 361665
2026-01-23 10:59:29.534 -06:00 [INF] TransactionController | BySequence | Start | Station: Monterrey | Secuencia: 361665
2026-01-23 10:59:29.536 -06:00 [INF] TransactionController| BySequence | Try | Station: Monterrey | Secuencia: 361665
2026-01-23 10:59:29.615 -06:00 [WRN] TransactionController | BySequence | NotFound(ItemIsNull) | Station: Monterrey | Secuencia: 361665
2026-01-23 11:00:20.767 -06:00 [INF] TransactionController | BySequence | Start | Station: Monterrey | Secuencia: 361663
2026-01-23 11:00:20.768 -06:00 [INF] TransactionController| BySequence | Try | Station: Monterrey | Secuencia: 361663
2026-01-23 11:00:20.876 -06:00 [WRN] TransactionController | BySequence | NotFound(ItemIsNull) | Station: Monterrey | Secuencia: 361663
2026-01-23 11:00:33.730 -06:00 [INF] BinnacleController| GetNetVolAuto | Start | Estacion=Monterrey | Dispensario=2 | Producto=3 | Gross=4 | Temp=4
2026-01-23 11:00:34.617 -06:00 [INF] BinnacleController| GetNetVolAuto | End(Ok) | Estacion=Monterrey | Dispensario=2 | Producto=3 | Neto=4.06
2026-01-23 16:33:01.247 -06:00 [INF] StationController | DbInfo | Start | Estacion:Monterrey
2026-01-23 16:33:01.293 -06:00 [INF] StationController | DbInfo | Try | Estacion:Monterrey
2026-01-23 16:33:09.546 -06:00 [INF] StationController | DbInfo | End(Ok) | Estacion:Monterrey | Result: dbctg | 172.26.200.100
2026-01-23 16:33:09.716 -06:00 [INF] DispensaryController | Get | Start | Estation Monterrey 
2026-01-23 16:33:09.718 -06:00 [INF] DispensaryController | Get | Try| Estation Monterrey 
2026-01-23 16:33:10.367 -06:00 [INF] DispensaryController | Get | End(Ok) | Estation Monterrey 
