2026-02-05 17:36:51.043 -06:00 [INF] TransactionController | Top |  Start | Estacion: Monterrey |  dispensaryId: 6
2026-02-05 17:36:51.088 -06:00 [INF] TransactionController | Top |  Try | Estacion: Monterrey |  dispensaryId: 6
2026-02-05 17:37:00.866 -06:00 [WRN] TransactionController | Top |  ListIsNull | Estacion: Monterrey |  dispensaryId: 6
2026-02-05 17:37:04.884 -06:00 [INF] TransactionController | Top |  Start | Estacion: Monterrey |  dispensaryId: 1
2026-02-05 17:37:04.886 -06:00 [INF] TransactionController | Top |  Try | Estacion: Monterrey |  dispensaryId: 1
2026-02-05 17:37:05.034 -06:00 [INF] TransactionController | Top |  End(Ok) | Estacion: Monterrey |  dispensaryId: 1
2026-02-05 17:41:25.365 -06:00 [INF] TransactionController | Top |  Start | Estacion: Monterrey |  dispensaryId: 1
2026-02-05 17:41:25.367 -06:00 [INF] TransactionController | Top |  Try | Estacion: Monterrey |  dispensaryId: 1
2026-02-05 17:41:25.549 -06:00 [INF] TransactionController | Top |  End(Ok) | Estacion: Monterrey |  dispensaryId: 1
2026-02-05 17:42:02.611 -06:00 [INF] TransactionController | Top |  Start | Estacion: Monterrey |  dispensaryId: 1
2026-02-05 17:42:02.664 -06:00 [INF] TransactionController | Top |  Try | Estacion: Monterrey |  dispensaryId: 1
2026-02-05 17:42:12.038 -06:00 [INF] TransactionController | Top |  End(Ok) | Estacion: Monterrey |  dispensaryId: 1
2026-02-05 17:47:40.170 -06:00 [INF] StationController | DbInfo | Start | Estacion:Monterrey
2026-02-05 17:47:40.172 -06:00 [INF] StationController | DbInfo | Try | Estacion:Monterrey
2026-02-05 17:47:40.234 -06:00 [INF] StationController | DbInfo | End(Ok) | Estacion:Monterrey | Result: dbctg | 172.26.200.100
2026-02-05 17:47:40.327 -06:00 [INF] DispensaryController | Get | Start | Estation Monterrey 
2026-02-05 17:47:40.330 -06:00 [INF] DispensaryController | Get | Try| Estation Monterrey 
2026-02-05 17:47:40.536 -06:00 [INF] DispensaryController | Get | End(Ok) | Estation Monterrey 
2026-02-05 17:47:43.987 -06:00 [INF] TransactionController | Top |  Start | Estacion: Monterrey |  dispensaryId: 1
2026-02-05 17:47:43.989 -06:00 [INF] TransactionController | Top |  Try | Estacion: Monterrey |  dispensaryId: 1
2026-02-05 17:47:43.992 -06:00 [INF] BinnacleController | Top | Start | Estacion=Monterrey | dispensaryId=1
2026-02-05 17:47:43.995 -06:00 [INF] BinnacleController | Top | Try | Estacion=Monterrey | Id=1 
2026-02-05 17:47:44.104 -06:00 [INF] TransactionController | Top |  End(Ok) | Estacion: Monterrey |  dispensaryId: 1
2026-02-05 17:47:49.187 -06:00 [INF] BinnacleController | Top | End(Ok) | Estacion=Monterrey | Id=1 | count=7
2026-02-05 17:52:46.988 -06:00 [INF] StationController | DbInfo | Start | Estacion:Monterrey
2026-02-05 17:52:46.989 -06:00 [INF] StationController | DbInfo | Try | Estacion:Monterrey
2026-02-05 17:52:52.023 -06:00 [INF] StationController | DbInfo | End(Ok) | Estacion:Monterrey | Result: dbctg | 172.26.200.100
2026-02-05 17:52:52.126 -06:00 [INF] DispensaryController | Get | Start | Estation Monterrey 
2026-02-05 17:52:52.127 -06:00 [INF] DispensaryController | Get | Try| Estation Monterrey 
2026-02-05 17:52:52.219 -06:00 [INF] DispensaryController | Get | End(Ok) | Estation Monterrey 
2026-02-05 17:52:58.244 -06:00 [INF] BinnacleController | Top | Start | Estacion=Monterrey | dispensaryId=1
2026-02-05 17:52:58.246 -06:00 [INF] BinnacleController | Top | Try | Estacion=Monterrey | Id=1 
2026-02-05 17:52:58.254 -06:00 [INF] TransactionController | Top |  Start | Estacion: Monterrey |  dispensaryId: 1
2026-02-05 17:52:58.256 -06:00 [INF] TransactionController | Top |  Try | Estacion: Monterrey |  dispensaryId: 1
2026-02-05 17:52:58.330 -06:00 [INF] BinnacleController | Top | End(Ok) | Estacion=Monterrey | Id=1 | count=7
2026-02-05 17:53:03.230 -06:00 [INF] TransactionController | Top |  End(Ok) | Estacion: Monterrey |  dispensaryId: 1
2026-02-05 17:53:07.666 -06:00 [INF] BinnacleController | Top | Start | Estacion=Monterrey | dispensaryId=1
2026-02-05 17:53:07.706 -06:00 [INF] TransactionController | Top |  Start | Estacion: Monterrey |  dispensaryId: 1
2026-02-05 17:53:07.708 -06:00 [INF] BinnacleController | Top | Try | Estacion=Monterrey | Id=1 
2026-02-05 17:53:07.709 -06:00 [INF] TransactionController | Top |  Try | Estacion: Monterrey |  dispensaryId: 1
2026-02-05 17:53:07.789 -06:00 [INF] TransactionController | Top |  End(Ok) | Estacion: Monterrey |  dispensaryId: 1
2026-02-05 17:53:07.789 -06:00 [INF] BinnacleController | Top | End(Ok) | Estacion=Monterrey | Id=1 | count=7
2026-02-05 17:59:27.558 -06:00 [INF] StationController | DbInfo | Start | Estacion:Monterrey
2026-02-05 17:59:27.594 -06:00 [INF] StationController | DbInfo | Try | Estacion:Monterrey
2026-02-05 17:59:35.758 -06:00 [INF] StationController | DbInfo | End(Ok) | Estacion:Monterrey | Result: dbctg | 172.26.200.100
2026-02-05 17:59:35.849 -06:00 [INF] DispensaryController | Get | Start | Estation Monterrey 
2026-02-05 17:59:35.852 -06:00 [INF] DispensaryController | Get | Try| Estation Monterrey 
2026-02-05 17:59:36.562 -06:00 [INF] DispensaryController | Get | End(Ok) | Estation Monterrey 
2026-02-05 18:02:30.858 -06:00 [INF] TransactionController | Top |  Start | Estacion: Monterrey |  dispensaryId: 1
2026-02-05 18:02:30.910 -06:00 [INF] TransactionController | Top |  Try | Estacion: Monterrey |  dispensaryId: 1
2026-02-05 18:02:31.752 -06:00 [INF] BinnacleController | Top | Start | Estacion=Monterrey | dispensaryId=1
2026-02-05 18:02:31.754 -06:00 [INF] BinnacleController | Top | Try | Estacion=Monterrey | Id=1 
2026-02-05 18:02:40.483 -06:00 [INF] TransactionController | Top |  End(Ok) | Estacion: Monterrey |  dispensaryId: 1
2026-02-05 18:02:45.498 -06:00 [INF] BinnacleController | Top | End(Ok) | Estacion=Monterrey | Id=1 | count=7
2026-02-05 18:06:17.906 -06:00 [INF] StationController | DbInfo | Start | Estacion:Monterrey
2026-02-05 18:06:17.951 -06:00 [INF] StationController | DbInfo | Try | Estacion:Monterrey
2026-02-05 18:06:26.344 -06:00 [INF] StationController | DbInfo | End(Ok) | Estacion:Monterrey | Result: dbctg | 172.26.200.100
2026-02-05 18:06:26.455 -06:00 [INF] DispensaryController | Get | Start | Estation Monterrey 
2026-02-05 18:06:26.457 -06:00 [INF] DispensaryController | Get | Try| Estation Monterrey 
2026-02-05 18:06:27.109 -06:00 [INF] DispensaryController | Get | End(Ok) | Estation Monterrey 
2026-02-05 18:06:29.430 -06:00 [INF] BinnacleController | Top | Start | Estacion=Monterrey | dispensaryId=1
2026-02-05 18:06:29.434 -06:00 [INF] BinnacleController | Top | Try | Estacion=Monterrey | Id=1 
2026-02-05 18:06:29.442 -06:00 [INF] TransactionController | Top |  Start | Estacion: Monterrey |  dispensaryId: 1
2026-02-05 18:06:29.444 -06:00 [INF] TransactionController | Top |  Try | Estacion: Monterrey |  dispensaryId: 1
2026-02-05 18:06:29.732 -06:00 [INF] TransactionController | Top |  End(Ok) | Estacion: Monterrey |  dispensaryId: 1
2026-02-05 18:06:34.626 -06:00 [INF] BinnacleController | Top | End(Ok) | Estacion=Monterrey | Id=1 | count=7
2026-02-05 18:06:37.996 -06:00 [INF] TransactionController | BySequence | Start | Station: Monterrey | Secuencia: 362537
2026-02-05 18:06:38.000 -06:00 [INF] TransactionController| BySequence | Try | Station: Monterrey | Secuencia: 362537
2026-02-05 18:06:38.147 -06:00 [WRN] TransactionController | BySequence | NotFound(ItemIsNull) | Station: Monterrey | Secuencia: 362537
2026-02-05 18:06:41.908 -06:00 [INF] TransactionController | Top |  Start | Estacion: Monterrey |  dispensaryId: 1
2026-02-05 18:06:41.908 -06:00 [INF] BinnacleController | Top | Start | Estacion=Monterrey | dispensaryId=1
2026-02-05 18:06:41.909 -06:00 [INF] TransactionController | Top |  Try | Estacion: Monterrey |  dispensaryId: 1
2026-02-05 18:06:41.910 -06:00 [INF] BinnacleController | Top | Try | Estacion=Monterrey | Id=1 
2026-02-05 18:06:41.998 -06:00 [INF] BinnacleController | Top | End(Ok) | Estacion=Monterrey | Id=1 | count=7
2026-02-05 18:06:41.998 -06:00 [INF] TransactionController | Top |  End(Ok) | Estacion: Monterrey |  dispensaryId: 1
2026-02-05 18:06:43.513 -06:00 [INF] TransactionController | BySequence | Start | Station: Monterrey | Secuencia: 362537
2026-02-05 18:06:43.516 -06:00 [INF] TransactionController| BySequence | Try | Station: Monterrey | Secuencia: 362537
2026-02-05 18:06:43.727 -06:00 [WRN] TransactionController | BySequence | NotFound(ItemIsNull) | Station: Monterrey | Secuencia: 362537
2026-02-05 18:06:44.438 -06:00 [INF] BinnacleController | Top | Start | Estacion=Monterrey | dispensaryId=1
2026-02-05 18:06:44.438 -06:00 [INF] TransactionController | Top |  Start | Estacion: Monterrey |  dispensaryId: 1
2026-02-05 18:06:44.441 -06:00 [INF] TransactionController | Top |  Try | Estacion: Monterrey |  dispensaryId: 1
2026-02-05 18:06:44.440 -06:00 [INF] BinnacleController | Top | Try | Estacion=Monterrey | Id=1 
2026-02-05 18:06:44.532 -06:00 [INF] TransactionController | Top |  End(Ok) | Estacion: Monterrey |  dispensaryId: 1
2026-02-05 18:06:44.573 -06:00 [INF] BinnacleController | Top | End(Ok) | Estacion=Monterrey | Id=1 | count=7
2026-02-05 18:12:12.916 -06:00 [INF] TransactionController| UpdateTransactionBySequence | Start | Station=Monterrey | Sequence=362577 | Price=18.998708 | Volume=20065 | Amount=20065
2026-02-05 18:12:13.375 -06:00 [WRN] TransactionController| UpdateTransactionBySequence | BusinessFail | Station=Monterrey | Sequence=362577 | Msg=No se encontro transaccion #362577
2026-02-05 18:20:18.047 -06:00 [INF] TransactionController| UpdateTransactionBySequence | Start | Station=Monterrey | Sequence=358975 | Price=18.998708 | Volume=20065 | Amount=20065
2026-02-05 18:20:27.175 -06:00 [WRN] TransactionController| UpdateTransactionBySequence | BusinessFail | Station=Monterrey | Sequence=358975 | Msg=No se encontro transaccion #358975
2026-02-05 18:21:42.770 -06:00 [INF] TransactionController| UpdateTransactionBySequence | Start | Station=Monterrey | Sequence=358975 | Price=18.998708 | Volume=20065 | Amount=20065
2026-02-05 18:21:52.526 -06:00 [INF] TransactionController| UpdateTransactionBySequence | End(Ok) | Station=Monterrey | Sequence=358975
2026-02-05 18:22:00.459 -06:00 [INF] TransactionController | Top |  Start | Estacion: Monterrey |  dispensaryId: 1
2026-02-05 18:22:00.463 -06:00 [INF] TransactionController | Top |  Try | Estacion: Monterrey |  dispensaryId: 1
2026-02-05 18:22:00.728 -06:00 [INF] TransactionController | Top |  End(Ok) | Estacion: Monterrey |  dispensaryId: 1
2026-02-05 18:22:00.830 -06:00 [INF] BinnacleController | Top | Start | Estacion=Monterrey | dispensaryId=1
2026-02-05 18:22:00.833 -06:00 [INF] BinnacleController | Top | Try | Estacion=Monterrey | Id=1 
2026-02-05 18:22:01.078 -06:00 [INF] BinnacleController | Top | End(Ok) | Estacion=Monterrey | Id=1 | count=7
2026-02-05 18:23:02.275 -06:00 [INF] TransactionController | Top |  Start | Estacion: Monterrey |  dispensaryId: 1
2026-02-05 18:23:02.278 -06:00 [INF] TransactionController | Top |  Try | Estacion: Monterrey |  dispensaryId: 1
2026-02-05 18:23:02.363 -06:00 [INF] TransactionController | Top |  End(Ok) | Estacion: Monterrey |  dispensaryId: 1
2026-02-05 18:24:31.619 -06:00 [INF] TransactionController | Top |  Start | Estacion: Monterrey |  dispensaryId: 1
2026-02-05 18:24:31.621 -06:00 [INF] TransactionController | Top |  Try | Estacion: Monterrey |  dispensaryId: 1
2026-02-05 18:24:31.630 -06:00 [INF] BinnacleController | Top | Start | Estacion=Monterrey | dispensaryId=1
2026-02-05 18:24:31.632 -06:00 [INF] BinnacleController | Top | Try | Estacion=Monterrey | Id=1 
2026-02-05 18:24:31.741 -06:00 [INF] TransactionController | Top |  End(Ok) | Estacion: Monterrey |  dispensaryId: 1
2026-02-05 18:24:36.838 -06:00 [INF] BinnacleController | Top | End(Ok) | Estacion=Monterrey | Id=1 | count=7
2026-02-05 18:26:14.693 -06:00 [INF] StationController | DbInfo | Start | Estacion:Monterrey
2026-02-05 18:26:14.694 -06:00 [INF] StationController | DbInfo | Try | Estacion:Monterrey
2026-02-05 18:26:14.711 -06:00 [INF] StationController | DbInfo | End(Ok) | Estacion:Monterrey | Result: dbctg | 172.26.200.100
2026-02-05 18:26:14.903 -06:00 [INF] DispensaryController | Get | Start | Estation Monterrey 
2026-02-05 18:26:14.906 -06:00 [INF] DispensaryController | Get | Try| Estation Monterrey 
2026-02-05 18:26:15.021 -06:00 [INF] DispensaryController | Get | End(Ok) | Estation Monterrey 
2026-02-05 18:26:17.272 -06:00 [INF] BinnacleController | Top | Start | Estacion=Monterrey | dispensaryId=1
2026-02-05 18:26:17.274 -06:00 [INF] BinnacleController | Top | Try | Estacion=Monterrey | Id=1 
2026-02-05 18:26:17.640 -06:00 [INF] BinnacleController | Top | End(Ok) | Estacion=Monterrey | Id=1 | count=7
2026-02-05 18:26:17.641 -06:00 [INF] TransactionController | Top |  Start | Estacion: Monterrey |  dispensaryId: 1
2026-02-05 18:26:17.644 -06:00 [INF] TransactionController | Top |  Try | Estacion: Monterrey |  dispensaryId: 1
2026-02-05 18:26:17.730 -06:00 [INF] TransactionController | Top |  End(Ok) | Estacion: Monterrey |  dispensaryId: 1
2026-02-05 18:27:40.491 -06:00 [INF] TransactionController| UpdateTransactionBySequence | Start | Station=Monterrey | Sequence=358975 | Price=18.998708 | Volume=20065 | Amount=20065
2026-02-05 18:27:40.717 -06:00 [INF] TransactionController| UpdateTransactionBySequence | End(Ok) | Station=Monterrey | Sequence=358975
2026-02-05 18:28:22.804 -06:00 [INF] TransactionController| UpdateTransactionBySequence | Start | Station=Monterrey | Sequence=358975 | Price=18.998708 | Volume=20065 | Amount=20065
2026-02-05 18:28:23.053 -06:00 [INF] TransactionController| UpdateTransactionBySequence | End(Ok) | Station=Monterrey | Sequence=358975
2026-02-05 18:28:40.265 -06:00 [INF] TransactionController| UpdateTransactionBySequence | Start | Station=Monterrey | Sequence=358975 | Price=18.998708 | Volume=20065 | Amount=20065
2026-02-05 18:28:40.523 -06:00 [INF] TransactionController| UpdateTransactionBySequence | End(Ok) | Station=Monterrey | Sequence=358975
2026-02-05 18:31:20.160 -06:00 [INF] TransactionController| UpdateTransactionBySequence | Start | Station=Monterrey | Sequence=358975 | Price=18.998708 | Volume=20065 | Amount={Amount | TotalizadorFInal={strTotalizadorFinal}
2026-02-05 18:31:20.338 -06:00 [INF] TransactionController| UpdateTransactionBySequence | End(Ok) | Station=Monterrey | Sequence=358975
2026-02-05 18:31:55.493 -06:00 [INF] TransactionController| UpdateTransactionBySequence | Start | Station=Monterrey | Sequence=358975 | Price=18.998708 | Volume=20065 | Amount=20065 | TotalizadorFInal=3
2026-02-05 18:31:55.679 -06:00 [INF] TransactionController| UpdateTransactionBySequence | End(Ok) | Station=Monterrey | Sequence=358975
2026-02-05 18:33:34.993 -06:00 [INF] TransactionController| UpdateTransactionBySequence | Start | Station=Monterrey | Sequence=358975 | Price=18.998708 | Volume=20065 | Amount=20065 | TotalizadorFInal=3
2026-02-05 18:33:34.999 -06:00 [WRN] Station=Monterrey | Sequence=358975 | TotalizadorFInal=3
2026-02-05 18:33:35.213 -06:00 [INF] TransactionController| UpdateTransactionBySequence | End(Ok) | Station=Monterrey | Sequence=358975
2026-02-05 18:34:49.721 -06:00 [INF] TransactionController| UpdateTransactionBySequence | Start | Station=Monterrey | Sequence=358975 | Price=18.998708 | Volume=20065 | Amount=20065 | TotalizadorFInal=3
2026-02-05 18:34:50.331 -06:00 [WRN] Station=Monterrey | Sequence=358975 | TotalizadorFInal=3
2026-02-05 18:34:59.598 -06:00 [INF] TransactionController| UpdateTransactionBySequence | End(Ok) | Station=Monterrey | Sequence=358975
2026-02-05 18:35:47.338 -06:00 [INF] TransactionController| UpdateTransactionBySequence | Start | Station=Monterrey | Sequence=358975 | Price=18.998708 | Volume=20065 | Amount=20065 | TotalizadorFInal=3
2026-02-05 18:35:47.349 -06:00 [WRN] Station=Monterrey | Sequence=358975 | TotalizadorFInal=3
2026-02-05 18:35:47.622 -06:00 [INF] TransactionController| UpdateTransactionBySequence | End(Ok) | Station=Monterrey | Sequence=358975
2026-02-05 18:37:19.808 -06:00 [INF] TransactionController| UpdateTransactionBySequence | Start | Station=Monterrey | Sequence=358975 | Price=18.998708 | Volume=20065 | Amount=20065 | TotalizadorFInal=3
2026-02-05 18:37:19.813 -06:00 [WRN] Station=Monterrey | Sequence=358975 | TotalizadorFInal=3
2026-02-05 18:37:20.031 -06:00 [INF] TransactionController| UpdateTransactionBySequence | End(Ok) | Station=Monterrey | Sequence=358975
2026-02-05 18:38:11.720 -06:00 [INF] TransactionController| UpdateTransactionBySequence | Start | Station=Monterrey | Sequence=358975 | Price=18.998708 | Volume=20065 | Amount=20065 | TotalizadorFInal=3
2026-02-05 18:38:11.724 -06:00 [WRN] Station=Monterrey | Sequence=358975 | TotalizadorFInal=3
2026-02-05 18:38:11.916 -06:00 [INF] TransactionController| UpdateTransactionBySequence | End(Ok) | Station=Monterrey | Sequence=358975
2026-02-05 18:38:20.424 -06:00 [INF] TransactionController| UpdateTransactionBySequence | Start | Station=Monterrey | Sequence=358975 | Price=18.998708 | Volume=20065 | Amount=20065 | TotalizadorFInal=3
2026-02-05 18:38:20.428 -06:00 [WRN] Station=Monterrey | Sequence=358975 | TotalizadorFInal=3
2026-02-05 18:38:20.645 -06:00 [INF] TransactionController| UpdateTransactionBySequence | End(Ok) | Station=Monterrey | Sequence=358975
2026-02-05 18:39:17.541 -06:00 [INF] TransactionController| UpdateTransactionBySequence | Start | Station=Monterrey | Sequence=358975 | Price=18.998708 | Volume=20065 | Amount=20065 | TotalizadorFInal=3
2026-02-05 18:39:18.086 -06:00 [WRN] Station=Monterrey | Sequence=358975 | TotalizadorFInal=3
2026-02-05 18:39:26.637 -06:00 [INF] TransactionController| UpdateTransactionBySequence | End(Ok) | Station=Monterrey | Sequence=358975
2026-02-05 18:39:38.114 -06:00 [INF] TransactionController| UpdateTransactionBySequence | Start | Station=Monterrey | Sequence=358975 | Price=18.998708 | Volume=20065 | Amount=20065 | TotalizadorFInal=0
2026-02-05 18:39:38.132 -06:00 [WRN] Station=Monterrey | Sequence=358975 | TotalizadorFInal=0
2026-02-05 18:39:38.429 -06:00 [INF] TransactionController| UpdateTransactionBySequence | End(Ok) | Station=Monterrey | Sequence=358975
