2026-01-22 08:13:18.872 -06:00 [INF] Station.DbInfo start
2026-01-22 08:13:19.109 -06:00 [ERR] Station.DbInfo error
System.InvalidOperationException: Error al validar conexión con la base de datos.
 ---> System.Threading.Tasks.TaskCanceledException: A task was canceled.
   at Microsoft.EntityFrameworkCore.Storage.RelationalConnection.OpenInternalAsync(Boolean errorsExpected, CancellationToken cancellationToken)
   at Microsoft.EntityFrameworkCore.Storage.RelationalConnection.OpenInternalAsync(Boolean errorsExpected, CancellationToken cancellationToken)
   at Microsoft.EntityFrameworkCore.Storage.RelationalConnection.OpenAsync(CancellationToken cancellationToken, Boolean errorsExpected)
   at Microsoft.EntityFrameworkCore.SqlServer.Storage.Internal.SqlServerExecutionStrategy.ExecuteAsync[TState,TResult](TState state, Func`4 operation, Func`4 verifySucceeded, CancellationToken cancellationToken)
   at ECNORSAppData.Services.CloseLoadService.GetDbInfoAsync(String station, CancellationToken ct) in C:\Users\S.padilla\source\repos\ENCORSApi\ECNORSAppData\Data\Services\CloseLoadService.cs:line 58
   at ECNORSAppData.Services.CloseLoadService.GetDbInfoAsync(String station, CancellationToken ct) in C:\Users\S.padilla\source\repos\ENCORSApi\ECNORSAppData\Data\Services\CloseLoadService.cs:line 61
   --- End of inner exception stack trace ---
   at ECNORSAppData.Services.CloseLoadService.GetDbInfoAsync(String station, CancellationToken ct) in C:\Users\S.padilla\source\repos\ENCORSApi\ECNORSAppData\Data\Services\CloseLoadService.cs:line 65
   at ENCORSApi.Controllers.StationController.DbInfo(String station, CancellationToken ct)
2026-01-22 08:13:19.113 -06:00 [INF] Station.DbInfo start
2026-01-22 08:13:28.300 -06:00 [ERR] Station.DbInfo error
System.InvalidOperationException: Error al validar conexión con la base de datos.
 ---> System.Threading.Tasks.TaskCanceledException: A task was canceled.
   at Microsoft.EntityFrameworkCore.Storage.RelationalConnection.OpenInternalAsync(Boolean errorsExpected, CancellationToken cancellationToken)
   at Microsoft.EntityFrameworkCore.Storage.RelationalConnection.OpenInternalAsync(Boolean errorsExpected, CancellationToken cancellationToken)
   at Microsoft.EntityFrameworkCore.Storage.RelationalConnection.OpenAsync(CancellationToken cancellationToken, Boolean errorsExpected)
   at Microsoft.EntityFrameworkCore.SqlServer.Storage.Internal.SqlServerExecutionStrategy.ExecuteAsync[TState,TResult](TState state, Func`4 operation, Func`4 verifySucceeded, CancellationToken cancellationToken)
   at ECNORSAppData.Services.CloseLoadService.GetDbInfoAsync(String station, CancellationToken ct) in C:\Users\S.padilla\source\repos\ENCORSApi\ECNORSAppData\Data\Services\CloseLoadService.cs:line 58
   at ECNORSAppData.Services.CloseLoadService.GetDbInfoAsync(String station, CancellationToken ct) in C:\Users\S.padilla\source\repos\ENCORSApi\ECNORSAppData\Data\Services\CloseLoadService.cs:line 61
   --- End of inner exception stack trace ---
   at ECNORSAppData.Services.CloseLoadService.GetDbInfoAsync(String station, CancellationToken ct) in C:\Users\S.padilla\source\repos\ENCORSApi\ECNORSAppData\Data\Services\CloseLoadService.cs:line 65
   at ENCORSApi.Controllers.StationController.DbInfo(String station, CancellationToken ct)
2026-01-22 08:13:28.300 -06:00 [INF] Station.DbInfo start
2026-01-22 08:13:32.092 -06:00 [ERR] Station.DbInfo error
System.InvalidOperationException: Error al validar conexión con la base de datos.
 ---> System.Threading.Tasks.TaskCanceledException: A task was canceled.
   at Microsoft.EntityFrameworkCore.Storage.RelationalConnection.OpenInternalAsync(Boolean errorsExpected, CancellationToken cancellationToken)
   at Microsoft.EntityFrameworkCore.Storage.RelationalConnection.OpenInternalAsync(Boolean errorsExpected, CancellationToken cancellationToken)
   at Microsoft.EntityFrameworkCore.Storage.RelationalConnection.OpenAsync(CancellationToken cancellationToken, Boolean errorsExpected)
   at Microsoft.EntityFrameworkCore.SqlServer.Storage.Internal.SqlServerExecutionStrategy.ExecuteAsync[TState,TResult](TState state, Func`4 operation, Func`4 verifySucceeded, CancellationToken cancellationToken)
   at ECNORSAppData.Services.CloseLoadService.GetDbInfoAsync(String station, CancellationToken ct) in C:\Users\S.padilla\source\repos\ENCORSApi\ECNORSAppData\Data\Services\CloseLoadService.cs:line 58
   at ECNORSAppData.Services.CloseLoadService.GetDbInfoAsync(String station, CancellationToken ct) in C:\Users\S.padilla\source\repos\ENCORSApi\ECNORSAppData\Data\Services\CloseLoadService.cs:line 61
   --- End of inner exception stack trace ---
   at ECNORSAppData.Services.CloseLoadService.GetDbInfoAsync(String station, CancellationToken ct) in C:\Users\S.padilla\source\repos\ENCORSApi\ECNORSAppData\Data\Services\CloseLoadService.cs:line 65
   at ENCORSApi.Controllers.StationController.DbInfo(String station, CancellationToken ct)
2026-01-22 08:13:32.092 -06:00 [INF] Station.DbInfo start
2026-01-22 08:13:43.408 -06:00 [ERR] Station.DbInfo error
System.InvalidOperationException: Error al validar conexión con la base de datos.
 ---> Microsoft.Data.SqlClient.SqlException (0x80131904): Error relacionado con la red o específico de la instancia mientras se establecía una conexión con el servidor SQL Server. No se encontró el servidor o éste no estaba accesible. Compruebe que el nombre de la instancia es correcto y que SQL Server está configurado para admitir conexiones remotas. (provider: Proveedor de canalizaciones con nombre, error: 40 - No se pudo abrir una conexión con SQL Server)
 ---> System.ComponentModel.Win32Exception (2): El sistema no puede encontrar el archivo especificado.
   at Microsoft.Data.SqlClient.ConnectionPool.WaitHandleDbConnectionPool.TryGetConnection(DbConnection owningObject, UInt32 waitForMultipleObjectsTimeout, Boolean allowCreate, Boolean onlyOneCheckConnection, DbConnectionOptions userOptions, DbConnectionInternal& connection)
   at Microsoft.Data.SqlClient.ConnectionPool.WaitHandleDbConnectionPool.WaitForPendingOpen()
--- End of stack trace from previous location ---
   at Microsoft.EntityFrameworkCore.Storage.RelationalConnection.OpenInternalAsync(Boolean errorsExpected, CancellationToken cancellationToken)
   at Microsoft.EntityFrameworkCore.Storage.RelationalConnection.OpenInternalAsync(Boolean errorsExpected, CancellationToken cancellationToken)
   at Microsoft.EntityFrameworkCore.Storage.RelationalConnection.OpenAsync(CancellationToken cancellationToken, Boolean errorsExpected)
   at Microsoft.EntityFrameworkCore.SqlServer.Storage.Internal.SqlServerExecutionStrategy.ExecuteAsync[TState,TResult](TState state, Func`4 operation, Func`4 verifySucceeded, CancellationToken cancellationToken)
   at ECNORSAppData.Services.CloseLoadService.GetDbInfoAsync(String station, CancellationToken ct) in C:\Users\S.padilla\source\repos\ENCORSApi\ECNORSAppData\Data\Services\CloseLoadService.cs:line 58
   at ECNORSAppData.Services.CloseLoadService.GetDbInfoAsync(String station, CancellationToken ct) in C:\Users\S.padilla\source\repos\ENCORSApi\ECNORSAppData\Data\Services\CloseLoadService.cs:line 61
ClientConnectionId:00000000-0000-0000-0000-000000000000
Error Number:2,State:0,Class:20
   --- End of inner exception stack trace ---
   at ECNORSAppData.Services.CloseLoadService.GetDbInfoAsync(String station, CancellationToken ct) in C:\Users\S.padilla\source\repos\ENCORSApi\ECNORSAppData\Data\Services\CloseLoadService.cs:line 65
   at ENCORSApi.Controllers.StationController.DbInfo(String station, CancellationToken ct)
2026-01-22 08:13:59.347 -06:00 [INF] Station.DbInfo start
2026-01-22 08:14:14.501 -06:00 [ERR] Station.DbInfo error
System.InvalidOperationException: Error al validar conexión con la base de datos.
 ---> System.Threading.Tasks.TaskCanceledException: A task was canceled.
   at Microsoft.EntityFrameworkCore.Storage.RelationalConnection.OpenInternalAsync(Boolean errorsExpected, CancellationToken cancellationToken)
   at Microsoft.EntityFrameworkCore.Storage.RelationalConnection.OpenInternalAsync(Boolean errorsExpected, CancellationToken cancellationToken)
   at Microsoft.EntityFrameworkCore.Storage.RelationalConnection.OpenAsync(CancellationToken cancellationToken, Boolean errorsExpected)
   at Microsoft.EntityFrameworkCore.SqlServer.Storage.Internal.SqlServerExecutionStrategy.ExecuteAsync[TState,TResult](TState state, Func`4 operation, Func`4 verifySucceeded, CancellationToken cancellationToken)
   at ECNORSAppData.Services.CloseLoadService.GetDbInfoAsync(String station, CancellationToken ct) in C:\Users\S.padilla\source\repos\ENCORSApi\ECNORSAppData\Data\Services\CloseLoadService.cs:line 58
   at ECNORSAppData.Services.CloseLoadService.GetDbInfoAsync(String station, CancellationToken ct) in C:\Users\S.padilla\source\repos\ENCORSApi\ECNORSAppData\Data\Services\CloseLoadService.cs:line 61
   --- End of inner exception stack trace ---
   at ECNORSAppData.Services.CloseLoadService.GetDbInfoAsync(String station, CancellationToken ct) in C:\Users\S.padilla\source\repos\ENCORSApi\ECNORSAppData\Data\Services\CloseLoadService.cs:line 65
   at ENCORSApi.Controllers.StationController.DbInfo(String station, CancellationToken ct)
2026-01-22 08:14:23.049 -06:00 [INF] Station.DbInfo start
2026-01-22 08:14:38.197 -06:00 [ERR] Station.DbInfo error
System.InvalidOperationException: Error al validar conexión con la base de datos.
 ---> System.Threading.Tasks.TaskCanceledException: A task was canceled.
   at Microsoft.EntityFrameworkCore.Storage.RelationalConnection.OpenInternalAsync(Boolean errorsExpected, CancellationToken cancellationToken)
   at Microsoft.EntityFrameworkCore.Storage.RelationalConnection.OpenInternalAsync(Boolean errorsExpected, CancellationToken cancellationToken)
   at Microsoft.EntityFrameworkCore.Storage.RelationalConnection.OpenAsync(CancellationToken cancellationToken, Boolean errorsExpected)
   at Microsoft.EntityFrameworkCore.SqlServer.Storage.Internal.SqlServerExecutionStrategy.ExecuteAsync[TState,TResult](TState state, Func`4 operation, Func`4 verifySucceeded, CancellationToken cancellationToken)
   at ECNORSAppData.Services.CloseLoadService.GetDbInfoAsync(String station, CancellationToken ct) in C:\Users\S.padilla\source\repos\ENCORSApi\ECNORSAppData\Data\Services\CloseLoadService.cs:line 58
   at ECNORSAppData.Services.CloseLoadService.GetDbInfoAsync(String station, CancellationToken ct) in C:\Users\S.padilla\source\repos\ENCORSApi\ECNORSAppData\Data\Services\CloseLoadService.cs:line 61
   --- End of inner exception stack trace ---
   at ECNORSAppData.Services.CloseLoadService.GetDbInfoAsync(String station, CancellationToken ct) in C:\Users\S.padilla\source\repos\ENCORSApi\ECNORSAppData\Data\Services\CloseLoadService.cs:line 65
   at ENCORSApi.Controllers.StationController.DbInfo(String station, CancellationToken ct)
2026-01-22 08:15:47.442 -06:00 [INF] Station.DbInfo start
2026-01-22 08:16:00.853 -06:00 [ERR] Station.DbInfo error
System.InvalidOperationException: Error al validar conexión con la base de datos.
 ---> System.Threading.Tasks.TaskCanceledException: A task was canceled.
   at Microsoft.EntityFrameworkCore.Storage.RelationalConnection.OpenInternalAsync(Boolean errorsExpected, CancellationToken cancellationToken)
   at Microsoft.EntityFrameworkCore.Storage.RelationalConnection.OpenInternalAsync(Boolean errorsExpected, CancellationToken cancellationToken)
   at Microsoft.EntityFrameworkCore.Storage.RelationalConnection.OpenAsync(CancellationToken cancellationToken, Boolean errorsExpected)
   at Microsoft.EntityFrameworkCore.SqlServer.Storage.Internal.SqlServerExecutionStrategy.ExecuteAsync[TState,TResult](TState state, Func`4 operation, Func`4 verifySucceeded, CancellationToken cancellationToken)
   at ECNORSAppData.Services.CloseLoadService.GetDbInfoAsync(String station, CancellationToken ct) in C:\Users\S.padilla\source\repos\ENCORSApi\ECNORSAppData\Data\Services\CloseLoadService.cs:line 58
   at ECNORSAppData.Services.CloseLoadService.GetDbInfoAsync(String station, CancellationToken ct) in C:\Users\S.padilla\source\repos\ENCORSApi\ECNORSAppData\Data\Services\CloseLoadService.cs:line 61
   --- End of inner exception stack trace ---
   at ECNORSAppData.Services.CloseLoadService.GetDbInfoAsync(String station, CancellationToken ct) in C:\Users\S.padilla\source\repos\ENCORSApi\ECNORSAppData\Data\Services\CloseLoadService.cs:line 65
   at ENCORSApi.Controllers.StationController.DbInfo(String station, CancellationToken ct) in C:\Users\S.padilla\source\repos\ENCORSApi\ENCORSApi\Controllers\StationController.cs:line 30
2026-01-22 08:17:06.683 -06:00 [INF] Station.DbInfo start
2026-01-22 08:17:19.540 -06:00 [ERR] Station.DbInfo error
System.InvalidOperationException: Error al validar conexión con la base de datos.
 ---> System.Threading.Tasks.TaskCanceledException: A task was canceled.
   at Microsoft.EntityFrameworkCore.Storage.RelationalConnection.OpenInternalAsync(Boolean errorsExpected, CancellationToken cancellationToken)
   at Microsoft.EntityFrameworkCore.Storage.RelationalConnection.OpenInternalAsync(Boolean errorsExpected, CancellationToken cancellationToken)
   at Microsoft.EntityFrameworkCore.Storage.RelationalConnection.OpenAsync(CancellationToken cancellationToken, Boolean errorsExpected)
   at Microsoft.EntityFrameworkCore.SqlServer.Storage.Internal.SqlServerExecutionStrategy.ExecuteAsync[TState,TResult](TState state, Func`4 operation, Func`4 verifySucceeded, CancellationToken cancellationToken)
   at ECNORSAppData.Services.CloseLoadService.GetDbInfoAsync(String station, CancellationToken ct) in C:\Users\S.padilla\source\repos\ENCORSApi\ECNORSAppData\Data\Services\CloseLoadService.cs:line 58
   at ECNORSAppData.Services.CloseLoadService.GetDbInfoAsync(String station, CancellationToken ct) in C:\Users\S.padilla\source\repos\ENCORSApi\ECNORSAppData\Data\Services\CloseLoadService.cs:line 61
   --- End of inner exception stack trace ---
   at ECNORSAppData.Services.CloseLoadService.GetDbInfoAsync(String station, CancellationToken ct) in C:\Users\S.padilla\source\repos\ENCORSApi\ECNORSAppData\Data\Services\CloseLoadService.cs:line 65
   at ENCORSApi.Controllers.StationController.DbInfo(String station, CancellationToken ct) in C:\Users\S.padilla\source\repos\ENCORSApi\ENCORSApi\Controllers\StationController.cs:line 30
2026-01-22 08:17:21.386 -06:00 [INF] Station.DbInfo start
2026-01-22 08:17:25.703 -06:00 [ERR] Station.DbInfo error
System.InvalidOperationException: Error al validar conexión con la base de datos.
 ---> Microsoft.Data.SqlClient.SqlException (0x80131904): Error relacionado con la red o específico de la instancia mientras se establecía una conexión con el servidor SQL Server. No se encontró el servidor o éste no estaba accesible. Compruebe que el nombre de la instancia es correcto y que SQL Server está configurado para admitir conexiones remotas. (provider: Proveedor de canalizaciones con nombre, error: 40 - No se pudo abrir una conexión con SQL Server)
 ---> System.ComponentModel.Win32Exception (2): El sistema no puede encontrar el archivo especificado.
   at Microsoft.Data.SqlClient.ConnectionPool.WaitHandleDbConnectionPool.TryGetConnection(DbConnection owningObject, UInt32 waitForMultipleObjectsTimeout, Boolean allowCreate, Boolean onlyOneCheckConnection, DbConnectionOptions userOptions, DbConnectionInternal& connection)
   at Microsoft.Data.SqlClient.ConnectionPool.WaitHandleDbConnectionPool.WaitForPendingOpen()
--- End of stack trace from previous location ---
   at Microsoft.EntityFrameworkCore.Storage.RelationalConnection.OpenInternalAsync(Boolean errorsExpected, CancellationToken cancellationToken)
   at Microsoft.EntityFrameworkCore.Storage.RelationalConnection.OpenInternalAsync(Boolean errorsExpected, CancellationToken cancellationToken)
   at Microsoft.EntityFrameworkCore.Storage.RelationalConnection.OpenAsync(CancellationToken cancellationToken, Boolean errorsExpected)
   at Microsoft.EntityFrameworkCore.SqlServer.Storage.Internal.SqlServerExecutionStrategy.ExecuteAsync[TState,TResult](TState state, Func`4 operation, Func`4 verifySucceeded, CancellationToken cancellationToken)
   at ECNORSAppData.Services.CloseLoadService.GetDbInfoAsync(String station, CancellationToken ct) in C:\Users\S.padilla\source\repos\ENCORSApi\ECNORSAppData\Data\Services\CloseLoadService.cs:line 58
   at ECNORSAppData.Services.CloseLoadService.GetDbInfoAsync(String station, CancellationToken ct) in C:\Users\S.padilla\source\repos\ENCORSApi\ECNORSAppData\Data\Services\CloseLoadService.cs:line 61
ClientConnectionId:00000000-0000-0000-0000-000000000000
Error Number:2,State:0,Class:20
   --- End of inner exception stack trace ---
   at ECNORSAppData.Services.CloseLoadService.GetDbInfoAsync(String station, CancellationToken ct) in C:\Users\S.padilla\source\repos\ENCORSApi\ECNORSAppData\Data\Services\CloseLoadService.cs:line 65
   at ENCORSApi.Controllers.StationController.DbInfo(String station, CancellationToken ct) in C:\Users\S.padilla\source\repos\ENCORSApi\ENCORSApi\Controllers\StationController.cs:line 30
2026-01-22 08:19:01.211 -06:00 [INF] Station.DbInfo start
2026-01-22 08:19:16.255 -06:00 [ERR] Station.DbInfo error
System.InvalidOperationException: Error al validar conexión con la base de datos.
 ---> System.Threading.Tasks.TaskCanceledException: A task was canceled.
   at Microsoft.EntityFrameworkCore.Storage.RelationalConnection.OpenInternalAsync(Boolean errorsExpected, CancellationToken cancellationToken)
   at Microsoft.EntityFrameworkCore.Storage.RelationalConnection.OpenInternalAsync(Boolean errorsExpected, CancellationToken cancellationToken)
   at Microsoft.EntityFrameworkCore.Storage.RelationalConnection.OpenAsync(CancellationToken cancellationToken, Boolean errorsExpected)
   at Microsoft.EntityFrameworkCore.SqlServer.Storage.Internal.SqlServerExecutionStrategy.ExecuteAsync[TState,TResult](TState state, Func`4 operation, Func`4 verifySucceeded, CancellationToken cancellationToken)
   at ECNORSAppData.Services.CloseLoadService.GetDbInfoAsync(String station, CancellationToken ct) in C:\Users\S.padilla\source\repos\ENCORSApi\ECNORSAppData\Data\Services\CloseLoadService.cs:line 58
   at ECNORSAppData.Services.CloseLoadService.GetDbInfoAsync(String station, CancellationToken ct) in C:\Users\S.padilla\source\repos\ENCORSApi\ECNORSAppData\Data\Services\CloseLoadService.cs:line 61
   --- End of inner exception stack trace ---
   at ECNORSAppData.Services.CloseLoadService.GetDbInfoAsync(String station, CancellationToken ct) in C:\Users\S.padilla\source\repos\ENCORSApi\ECNORSAppData\Data\Services\CloseLoadService.cs:line 65
   at ENCORSApi.Controllers.StationController.DbInfo(String station, CancellationToken ct) in C:\Users\S.padilla\source\repos\ENCORSApi\ENCORSApi\Controllers\StationController.cs:line 30
2026-01-22 08:26:46.036 -06:00 [INF] Station.DbInfo start
2026-01-22 08:27:00.483 -06:00 [ERR] Station.DbInfo error
System.InvalidOperationException: Error al validar conexión con la base de datos.
 ---> System.Threading.Tasks.TaskCanceledException: A task was canceled.
   at Microsoft.EntityFrameworkCore.Storage.RelationalConnection.OpenInternalAsync(Boolean errorsExpected, CancellationToken cancellationToken)
   at Microsoft.EntityFrameworkCore.Storage.RelationalConnection.OpenInternalAsync(Boolean errorsExpected, CancellationToken cancellationToken)
   at Microsoft.EntityFrameworkCore.Storage.RelationalConnection.OpenAsync(CancellationToken cancellationToken, Boolean errorsExpected)
   at Microsoft.EntityFrameworkCore.SqlServer.Storage.Internal.SqlServerExecutionStrategy.ExecuteAsync[TState,TResult](TState state, Func`4 operation, Func`4 verifySucceeded, CancellationToken cancellationToken)
   at ECNORSAppData.Services.CloseLoadService.GetDbInfoAsync(String station, CancellationToken ct) in C:\Users\S.padilla\source\repos\ENCORSApi\ECNORSAppData\Data\Services\CloseLoadService.cs:line 58
   at ECNORSAppData.Services.CloseLoadService.GetDbInfoAsync(String station, CancellationToken ct) in C:\Users\S.padilla\source\repos\ENCORSApi\ECNORSAppData\Data\Services\CloseLoadService.cs:line 61
   --- End of inner exception stack trace ---
   at ECNORSAppData.Services.CloseLoadService.GetDbInfoAsync(String station, CancellationToken ct) in C:\Users\S.padilla\source\repos\ENCORSApi\ECNORSAppData\Data\Services\CloseLoadService.cs:line 65
   at ENCORSApi.Controllers.StationController.DbInfo(String station, CancellationToken ct) in C:\Users\S.padilla\source\repos\ENCORSApi\ENCORSApi\Controllers\StationController.cs:line 30
2026-01-22 08:46:59.554 -06:00 [INF] Station.DbInfo start
2026-01-22 08:47:17.176 -06:00 [ERR] Station.DbInfo error
System.InvalidOperationException: Error al validar conexión con la base de datos.
 ---> Microsoft.Data.SqlClient.SqlException (0x80131904): Error relacionado con la red o específico de la instancia mientras se establecía una conexión con el servidor SQL Server. No se encontró el servidor o éste no estaba accesible. Compruebe que el nombre de la instancia es correcto y que SQL Server está configurado para admitir conexiones remotas. (provider: Proveedor de canalizaciones con nombre, error: 40 - No se pudo abrir una conexión con SQL Server)
 ---> System.ComponentModel.Win32Exception (2): El sistema no puede encontrar el archivo especificado.
   at Microsoft.Data.SqlClient.SqlInternalConnection.OnError(SqlException exception, Boolean breakConnection, Action`1 wrapCloseInAction)
   at Microsoft.Data.SqlClient.TdsParser.ThrowExceptionAndWarning(TdsParserStateObject stateObj, SqlCommand command, Boolean callerHasConnectionLock, Boolean asyncClose)
   at Microsoft.Data.SqlClient.TdsParser.Connect(ServerInfo serverInfo, SqlInternalConnectionTds connHandler, TimeoutTimer timeout, SqlConnectionString connectionOptions, Boolean withFailover)
   at Microsoft.Data.SqlClient.SqlInternalConnectionTds.AttemptOneLogin(ServerInfo serverInfo, String newPassword, SecureString newSecurePassword, TimeoutTimer timeout, Boolean withFailover)
   at Microsoft.Data.SqlClient.SqlInternalConnectionTds.LoginNoFailover(ServerInfo serverInfo, String newPassword, SecureString newSecurePassword, Boolean redirectedUserInstance, SqlConnectionString connectionOptions, SqlCredential credential, TimeoutTimer timeout)
   at Microsoft.Data.SqlClient.SqlInternalConnectionTds.OpenLoginEnlist(TimeoutTimer timeout, SqlConnectionString connectionOptions, SqlCredential credential, String newPassword, SecureString newSecurePassword, Boolean redirectedUserInstance)
   at Microsoft.Data.SqlClient.SqlInternalConnectionTds..ctor(DbConnectionPoolIdentity identity, SqlConnectionString connectionOptions, SqlCredential credential, Object providerInfo, String newPassword, SecureString newSecurePassword, Boolean redirectedUserInstance, SqlConnectionString userConnectionOptions, SessionData reconnectSessionData, Boolean applyTransientFaultHandling, String accessToken, IDbConnectionPool pool, Func`3 accessTokenCallback)
   at Microsoft.Data.SqlClient.SqlConnectionFactory.CreateConnection(DbConnectionOptions options, DbConnectionPoolKey poolKey, DbConnectionPoolGroupProviderInfo poolGroupProviderInfo, IDbConnectionPool pool, DbConnection owningConnection, DbConnectionOptions userOptions)
   at Microsoft.Data.ProviderBase.DbConnectionFactory.CreatePooledConnection(IDbConnectionPool pool, DbConnection owningObject, DbConnectionOptions options, DbConnectionPoolKey poolKey, DbConnectionOptions userOptions)
   at Microsoft.Data.SqlClient.ConnectionPool.WaitHandleDbConnectionPool.CreateObject(DbConnection owningObject, DbConnectionOptions userOptions, DbConnectionInternal oldConnection)
   at Microsoft.Data.SqlClient.ConnectionPool.WaitHandleDbConnectionPool.UserCreateRequest(DbConnection owningObject, DbConnectionOptions userOptions, DbConnectionInternal oldConnection)
   at Microsoft.Data.SqlClient.ConnectionPool.WaitHandleDbConnectionPool.TryGetConnection(DbConnection owningObject, UInt32 waitForMultipleObjectsTimeout, Boolean allowCreate, Boolean onlyOneCheckConnection, DbConnectionOptions userOptions, DbConnectionInternal& connection)
   at Microsoft.Data.SqlClient.ConnectionPool.WaitHandleDbConnectionPool.WaitForPendingOpen()
--- End of stack trace from previous location ---
   at Microsoft.EntityFrameworkCore.Storage.RelationalConnection.OpenInternalAsync(Boolean errorsExpected, CancellationToken cancellationToken)
   at Microsoft.EntityFrameworkCore.Storage.RelationalConnection.OpenInternalAsync(Boolean errorsExpected, CancellationToken cancellationToken)
   at Microsoft.EntityFrameworkCore.Storage.RelationalConnection.OpenAsync(CancellationToken cancellationToken, Boolean errorsExpected)
   at Microsoft.EntityFrameworkCore.SqlServer.Storage.Internal.SqlServerExecutionStrategy.ExecuteAsync[TState,TResult](TState state, Func`4 operation, Func`4 verifySucceeded, CancellationToken cancellationToken)
   at ECNORSAppData.Services.CloseLoadService.GetDbInfoAsync(String station, CancellationToken ct) in C:\Users\S.padilla\source\repos\ENCORSApi\ECNORSAppData\Data\Services\CloseLoadService.cs:line 58
   at ECNORSAppData.Services.CloseLoadService.GetDbInfoAsync(String station, CancellationToken ct) in C:\Users\S.padilla\source\repos\ENCORSApi\ECNORSAppData\Data\Services\CloseLoadService.cs:line 61
ClientConnectionId:00000000-0000-0000-0000-000000000000
Error Number:2,State:0,Class:20
   --- End of inner exception stack trace ---
   at ECNORSAppData.Services.CloseLoadService.GetDbInfoAsync(String station, CancellationToken ct) in C:\Users\S.padilla\source\repos\ENCORSApi\ECNORSAppData\Data\Services\CloseLoadService.cs:line 65
   at ENCORSApi.Controllers.StationController.DbInfo(String station, CancellationToken ct) in C:\Users\S.padilla\source\repos\ENCORSApi\ENCORSApi\Controllers\StationController.cs:line 30
2026-01-22 09:01:14.662 -06:00 [INF] Station.DbInfo start
2026-01-22 09:01:29.826 -06:00 [ERR] Station.DbInfo error
System.InvalidOperationException: Error al validar conexión con la base de datos.
 ---> Microsoft.Data.SqlClient.SqlException (0x80131904): Error relacionado con la red o específico de la instancia mientras se establecía una conexión con el servidor SQL Server. No se encontró el servidor o éste no estaba accesible. Compruebe que el nombre de la instancia es correcto y que SQL Server está configurado para admitir conexiones remotas. (provider: Proveedor de canalizaciones con nombre, error: 40 - No se pudo abrir una conexión con SQL Server)
 ---> System.ComponentModel.Win32Exception (2): El sistema no puede encontrar el archivo especificado.
   at Microsoft.Data.SqlClient.SqlInternalConnection.OnError(SqlException exception, Boolean breakConnection, Action`1 wrapCloseInAction)
   at Microsoft.Data.SqlClient.TdsParser.ThrowExceptionAndWarning(TdsParserStateObject stateObj, SqlCommand command, Boolean callerHasConnectionLock, Boolean asyncClose)
   at Microsoft.Data.SqlClient.TdsParser.Connect(ServerInfo serverInfo, SqlInternalConnectionTds connHandler, TimeoutTimer timeout, SqlConnectionString connectionOptions, Boolean withFailover)
   at Microsoft.Data.SqlClient.SqlInternalConnectionTds.AttemptOneLogin(ServerInfo serverInfo, String newPassword, SecureString newSecurePassword, TimeoutTimer timeout, Boolean withFailover)
   at Microsoft.Data.SqlClient.SqlInternalConnectionTds.LoginNoFailover(ServerInfo serverInfo, String newPassword, SecureString newSecurePassword, Boolean redirectedUserInstance, SqlConnectionString connectionOptions, SqlCredential credential, TimeoutTimer timeout)
   at Microsoft.Data.SqlClient.SqlInternalConnectionTds.OpenLoginEnlist(TimeoutTimer timeout, SqlConnectionString connectionOptions, SqlCredential credential, String newPassword, SecureString newSecurePassword, Boolean redirectedUserInstance)
   at Microsoft.Data.SqlClient.SqlInternalConnectionTds..ctor(DbConnectionPoolIdentity identity, SqlConnectionString connectionOptions, SqlCredential credential, Object providerInfo, String newPassword, SecureString newSecurePassword, Boolean redirectedUserInstance, SqlConnectionString userConnectionOptions, SessionData reconnectSessionData, Boolean applyTransientFaultHandling, String accessToken, IDbConnectionPool pool, Func`3 accessTokenCallback)
   at Microsoft.Data.SqlClient.SqlConnectionFactory.CreateConnection(DbConnectionOptions options, DbConnectionPoolKey poolKey, DbConnectionPoolGroupProviderInfo poolGroupProviderInfo, IDbConnectionPool pool, DbConnection owningConnection, DbConnectionOptions userOptions)
   at Microsoft.Data.ProviderBase.DbConnectionFactory.CreatePooledConnection(IDbConnectionPool pool, DbConnection owningObject, DbConnectionOptions options, DbConnectionPoolKey poolKey, DbConnectionOptions userOptions)
   at Microsoft.Data.SqlClient.ConnectionPool.WaitHandleDbConnectionPool.CreateObject(DbConnection owningObject, DbConnectionOptions userOptions, DbConnectionInternal oldConnection)
   at Microsoft.Data.SqlClient.ConnectionPool.WaitHandleDbConnectionPool.UserCreateRequest(DbConnection owningObject, DbConnectionOptions userOptions, DbConnectionInternal oldConnection)
   at Microsoft.Data.SqlClient.ConnectionPool.WaitHandleDbConnectionPool.TryGetConnection(DbConnection owningObject, UInt32 waitForMultipleObjectsTimeout, Boolean allowCreate, Boolean onlyOneCheckConnection, DbConnectionOptions userOptions, DbConnectionInternal& connection)
   at Microsoft.Data.SqlClient.ConnectionPool.WaitHandleDbConnectionPool.WaitForPendingOpen()
--- End of stack trace from previous location ---
   at Microsoft.EntityFrameworkCore.Storage.RelationalConnection.OpenInternalAsync(Boolean errorsExpected, CancellationToken cancellationToken)
   at Microsoft.EntityFrameworkCore.Storage.RelationalConnection.OpenInternalAsync(Boolean errorsExpected, CancellationToken cancellationToken)
   at Microsoft.EntityFrameworkCore.Storage.RelationalConnection.OpenAsync(CancellationToken cancellationToken, Boolean errorsExpected)
   at Microsoft.EntityFrameworkCore.SqlServer.Storage.Internal.SqlServerExecutionStrategy.ExecuteAsync[TState,TResult](TState state, Func`4 operation, Func`4 verifySucceeded, CancellationToken cancellationToken)
   at ECNORSAppData.Services.CloseLoadService.GetDbInfoAsync(String station, CancellationToken ct) in C:\Users\S.padilla\source\repos\ENCORSApi\ECNORSAppData\Data\Services\CloseLoadService.cs:line 58
   at ECNORSAppData.Services.CloseLoadService.GetDbInfoAsync(String station, CancellationToken ct) in C:\Users\S.padilla\source\repos\ENCORSApi\ECNORSAppData\Data\Services\CloseLoadService.cs:line 61
ClientConnectionId:00000000-0000-0000-0000-000000000000
Error Number:2,State:0,Class:20
   --- End of inner exception stack trace ---
   at ECNORSAppData.Services.CloseLoadService.GetDbInfoAsync(String station, CancellationToken ct) in C:\Users\S.padilla\source\repos\ENCORSApi\ECNORSAppData\Data\Services\CloseLoadService.cs:line 65
   at ENCORSApi.Controllers.StationController.DbInfo(String station, CancellationToken ct) in C:\Users\S.padilla\source\repos\ENCORSApi\ENCORSApi\Controllers\StationController.cs:line 30
2026-01-22 09:01:40.067 -06:00 [INF] Station.DbInfo start
2026-01-22 09:01:45.203 -06:00 [INF] Station.DbInfo ok | result= dbctg | 172.26.200.100
2026-01-22 09:01:45.392 -06:00 [INF] Dispensarios.Get start | station=Monterrey
2026-01-22 09:01:46.179 -06:00 [INF] Dispensarios.Get ok | station=Monterrey | count=9
2026-01-22 09:02:03.053 -06:00 [INF] Station.DbInfo start
2026-01-22 09:02:03.057 -06:00 [INF] Station.DbInfo ok | result= dbctg | 172.26.200.100
2026-01-22 09:02:03.090 -06:00 [INF] Dispensarios.Get start | station=Monterrey
2026-01-22 09:02:03.201 -06:00 [INF] Dispensarios.Get ok | station=Monterrey | count=9
2026-01-22 09:02:09.264 -06:00 [INF] Binnacle.Top start | dispensaryId=1
2026-01-22 09:02:09.339 -06:00 [INF] Transactions.Top start | dispensaryId=1
2026-01-22 09:02:09.538 -06:00 [INF] Binnacle.Top ok | dispensaryId=1 | count=7
2026-01-22 09:02:17.408 -06:00 [INF] Transactions.Top ok | dispensaryId=1 | count=7
2026-01-22 09:02:29.414 -06:00 [INF] Binnacle.Top start | dispensaryId=2
2026-01-22 09:02:29.417 -06:00 [INF] Transactions.Top start | dispensaryId=2
2026-01-22 09:02:29.512 -06:00 [INF] Transactions.Top ok | dispensaryId=2 | count=3
2026-01-22 09:02:29.580 -06:00 [INF] Binnacle.Top ok | dispensaryId=2 | count=7
2026-01-22 09:04:09.217 -06:00 [INF] Station.DbInfo start
2026-01-22 09:04:09.220 -06:00 [INF] Station.DbInfo ok | result= dbctg | 172.26.200.100
2026-01-22 09:04:09.302 -06:00 [INF] Dispensarios.Get start | station=Monterrey
2026-01-22 09:04:09.400 -06:00 [INF] Dispensarios.Get ok | station=Monterrey | count=9
2026-01-22 09:04:11.682 -06:00 [INF] Binnacle.Top start | dispensaryId=3
2026-01-22 09:04:11.712 -06:00 [INF] Transactions.Top start | dispensaryId=3
2026-01-22 09:04:11.860 -06:00 [INF] Binnacle.Top ok | dispensaryId=3 | count=7
2026-01-22 09:04:11.860 -06:00 [INF] Transactions.Top ok | dispensaryId=3 | count=7
2026-01-22 09:04:13.233 -06:00 [INF] Transactions.BySequence start | secuencia=361569
2026-01-22 09:04:13.386 -06:00 [INF] Transactions.BySequence ok | secuencia=361569
2026-01-22 09:04:16.594 -06:00 [INF] Transactions.Top start | dispensaryId=1
2026-01-22 09:04:16.594 -06:00 [INF] Binnacle.Top start | dispensaryId=1
2026-01-22 09:04:16.709 -06:00 [INF] Binnacle.Top ok | dispensaryId=1 | count=7
2026-01-22 09:04:16.769 -06:00 [INF] Transactions.Top ok | dispensaryId=1 | count=7
2026-01-22 09:04:19.966 -06:00 [INF] Binnacle.Top start | dispensaryId=2
2026-01-22 09:04:20.027 -06:00 [INF] Transactions.Top start | dispensaryId=2
2026-01-22 09:04:20.095 -06:00 [INF] Transactions.Top ok | dispensaryId=2 | count=3
2026-01-22 09:04:20.124 -06:00 [INF] Binnacle.Top ok | dispensaryId=2 | count=7
2026-01-22 09:04:28.409 -06:00 [INF] Station.DbInfo start
2026-01-22 09:04:33.629 -06:00 [INF] Station.DbInfo ok | result= dbctg | 172.26.201.100
2026-01-22 09:04:33.712 -06:00 [INF] Dispensarios.Get start | station=Queretaro
2026-01-22 09:04:38.920 -06:00 [INF] Dispensarios.Get ok | station=Queretaro | count=7
2026-01-22 09:04:43.427 -06:00 [INF] Binnacle.Top start | dispensaryId=2
2026-01-22 09:04:43.432 -06:00 [INF] Transactions.Top start | dispensaryId=2
2026-01-22 09:04:43.569 -06:00 [INF] Binnacle.Top ok | dispensaryId=2 | count=7
2026-01-22 09:04:48.657 -06:00 [INF] Transactions.Top ok | dispensaryId=2 | count=7
2026-01-22 09:05:00.258 -06:00 [INF] Transactions.BySequence start | secuencia=351954
2026-01-22 09:05:00.425 -06:00 [INF] Transactions.BySequence ok | secuencia=351954
2026-01-22 09:43:07.054 -06:00 [WRN] The WebRootPath was not found: C:\Users\S.padilla\source\repos\ENCORSApi\ENCORSApi\wwwroot. Static files may be unavailable.
2026-01-22 09:46:31.535 -06:00 [WRN] The WebRootPath was not found: C:\Users\S.padilla\source\repos\ENCORSApi\ENCORSApi\wwwroot. Static files may be unavailable.
2026-01-22 09:47:01.383 -06:00 [WRN] The WebRootPath was not found: C:\Users\S.padilla\source\repos\ENCORSApi\ENCORSApi\wwwroot. Static files may be unavailable.
2026-01-22 09:51:02.233 -06:00 [WRN] The WebRootPath was not found: C:\Users\S.padilla\source\repos\ENCORSApi\ENCORSApi\wwwroot. Static files may be unavailable.
2026-01-22 09:53:11.526 -06:00 [WRN] The WebRootPath was not found: C:\Users\S.padilla\source\repos\ENCORSApi\ENCORSApi\wwwroot. Static files may be unavailable.
2026-01-22 09:54:48.314 -06:00 [WRN] The WebRootPath was not found: C:\Users\S.padilla\source\repos\ENCORSApi\ENCORSApi\wwwroot. Static files may be unavailable.
2026-01-22 09:58:37.885 -06:00 [WRN] The WebRootPath was not found: C:\Users\S.padilla\source\repos\ENCORSApi\ENCORSApi\wwwroot. Static files may be unavailable.
