2026-01-15 16:30:33.375 -06:00 [INF] Station.DbInfo start
2026-01-15 16:30:38.417 -06:00 [INF] Station.DbInfo ok | result= dbctg | 172.21.1.100
2026-01-15 16:30:38.635 -06:00 [INF] Dispensarios.Get start | station=Laboratorio
2026-01-15 16:30:39.379 -06:00 [INF] Dispensarios.Get ok | station=Laboratorio | count=16
2026-01-15 16:30:44.970 -06:00 [INF] Binnacle.Top start | dispensaryId=1
2026-01-15 16:30:45.022 -06:00 [INF] Transactions.Top start | dispensaryId=1
2026-01-15 16:30:45.249 -06:00 [INF] Binnacle.Top ok | count=7
2026-01-15 16:30:45.579 -06:00 [INF] Transactions.Top ok | count=7
2026-01-15 16:30:47.223 -06:00 [INF] Transactions.BySequence start | secuencia=9914880
2026-01-15 16:30:47.309 -06:00 [INF] Transactions.BySequence ok | secuencia=9914880
2026-01-15 16:30:53.323 -06:00 [INF] Station.DbInfo start
2026-01-15 16:30:58.440 -06:00 [INF] Station.DbInfo ok | result= dbctg | 172.26.200.100
2026-01-15 16:30:58.466 -06:00 [INF] Dispensarios.Get start | station=Monterrey
2026-01-15 16:30:58.559 -06:00 [INF] Dispensarios.Get ok | station=Monterrey | count=9
2026-01-15 16:31:00.612 -06:00 [INF] Binnacle.Top start | dispensaryId=2
2026-01-15 16:31:00.614 -06:00 [INF] Transactions.Top start | dispensaryId=2
2026-01-15 16:31:00.884 -06:00 [INF] Binnacle.Top ok | count=1
2026-01-15 16:31:05.870 -06:00 [INF] Transactions.Top ok | count=1
2026-01-15 16:31:07.091 -06:00 [INF] Transactions.BySequence start | secuencia=361205
2026-01-15 16:31:07.161 -06:00 [INF] Transactions.BySequence ok | secuencia=361205
2026-01-15 16:54:29.565 -06:00 [INF] Station.DbInfo start
2026-01-15 16:54:33.387 -06:00 [INF] Station.DbInfo ok | result= dbctg | 172.21.1.100
2026-01-15 16:54:33.610 -06:00 [INF] Dispensarios.Get start | station=Laboratorio
2026-01-15 16:54:34.398 -06:00 [INF] Dispensarios.Get ok | station=Laboratorio | count=16
2026-01-15 16:54:40.950 -06:00 [INF] Binnacle.Top start | dispensaryId=1
2026-01-15 16:54:40.993 -06:00 [INF] Transactions.Top start | dispensaryId=1
2026-01-15 16:54:41.253 -06:00 [INF] Binnacle.Top ok | count=7
2026-01-15 16:54:41.520 -06:00 [INF] Transactions.Top ok | count=7
2026-01-15 16:54:46.463 -06:00 [INF] Station.DbInfo start
2026-01-15 16:54:51.605 -06:00 [INF] Station.DbInfo ok | result= dbctg | 172.26.200.100
2026-01-15 16:54:51.634 -06:00 [INF] Dispensarios.Get start | station=Monterrey
2026-01-15 16:54:51.749 -06:00 [INF] Dispensarios.Get ok | station=Monterrey | count=9
2026-01-15 16:55:10.001 -06:00 [INF] Binnacle.Top start | dispensaryId=1
2026-01-15 16:55:10.008 -06:00 [INF] Transactions.Top start | dispensaryId=1
2026-01-15 16:55:10.140 -06:00 [INF] Binnacle.Top ok | count=7
2026-01-15 16:55:15.122 -06:00 [INF] Transactions.Top ok | count=7
2026-01-15 17:01:38.129 -06:00 [INF] Station.DbInfo start
2026-01-15 17:01:38.491 -06:00 [INF] Station.DbInfo ok | result= dbctg | 172.21.1.100
2026-01-15 17:01:38.687 -06:00 [INF] Dispensarios.Get start | station=Laboratorio
2026-01-15 17:01:38.768 -06:00 [INF] Dispensarios.Get ok | station=Laboratorio | count=16
2026-01-15 17:01:42.678 -06:00 [INF] Binnacle.Top start | dispensaryId=2
2026-01-15 17:01:42.708 -06:00 [INF] Transactions.Top start | dispensaryId=2
2026-01-15 17:01:42.789 -06:00 [INF] Binnacle.Top ok | count=7
2026-01-15 17:01:43.547 -06:00 [INF] Transactions.Top ok | count=7
2026-01-15 17:01:44.827 -06:00 [INF] Transactions.BySequence start | secuencia=9914920
2026-01-15 17:01:44.902 -06:00 [INF] Transactions.BySequence ok | secuencia=9914920
2026-01-15 17:01:57.428 -06:00 [INF] Station.DbInfo start
2026-01-15 17:01:57.432 -06:00 [INF] Station.DbInfo ok | result= dbctg | 172.26.200.100
2026-01-15 17:01:57.451 -06:00 [INF] Dispensarios.Get start | station=Monterrey
2026-01-15 17:01:57.518 -06:00 [INF] Dispensarios.Get ok | station=Monterrey | count=9
2026-01-15 17:10:21.663 -06:00 [INF] Station.DbInfo start
2026-01-15 17:10:22.094 -06:00 [INF] Station.DbInfo ok | result= dbctg | 172.21.1.100
2026-01-15 17:10:22.285 -06:00 [INF] Dispensarios.Get start | station=Laboratorio
2026-01-15 17:10:22.344 -06:00 [INF] Dispensarios.Get ok | station=Laboratorio | count=16
2026-01-15 17:10:24.907 -06:00 [INF] Binnacle.Top start | dispensaryId=1
2026-01-15 17:10:24.964 -06:00 [INF] Transactions.Top start | dispensaryId=1
2026-01-15 17:10:25.099 -06:00 [INF] Binnacle.Top ok | count=7
2026-01-15 17:10:26.235 -06:00 [INF] Transactions.Top ok | count=7
2026-01-15 17:10:27.663 -06:00 [INF] Transactions.BySequence start | secuencia=9914983
2026-01-15 17:10:28.095 -06:00 [INF] Transactions.BySequence ok | secuencia=9914983
2026-01-15 17:13:19.723 -06:00 [INF] Station.DbInfo start
2026-01-15 17:13:19.726 -06:00 [INF] Station.DbInfo ok | result= dbctg | 172.21.1.100
2026-01-15 17:13:19.890 -06:00 [INF] Dispensarios.Get start | station=Laboratorio
2026-01-15 17:13:19.945 -06:00 [INF] Dispensarios.Get ok | station=Laboratorio | count=16
2026-01-15 17:13:22.491 -06:00 [INF] Binnacle.Top start | dispensaryId=1
2026-01-15 17:13:22.540 -06:00 [INF] Transactions.Top start | dispensaryId=1
2026-01-15 17:13:22.576 -06:00 [INF] Binnacle.Top ok | count=7
2026-01-15 17:13:22.609 -06:00 [INF] Transactions.Top ok | count=7
2026-01-15 17:13:24.388 -06:00 [INF] Transactions.BySequence start | secuencia=9914998
2026-01-15 17:13:24.451 -06:00 [INF] Transactions.BySequence ok | secuencia=9914998
2026-01-15 17:14:14.312 -06:00 [INF] Station.DbInfo start
2026-01-15 17:14:14.315 -06:00 [INF] Station.DbInfo ok | result= dbctg | 172.21.1.100
2026-01-15 17:14:14.592 -06:00 [INF] Dispensarios.Get start | station=Laboratorio
2026-01-15 17:14:14.657 -06:00 [INF] Dispensarios.Get ok | station=Laboratorio | count=16
2026-01-15 17:14:18.121 -06:00 [INF] Binnacle.Top start | dispensaryId=7
2026-01-15 17:14:18.164 -06:00 [INF] Transactions.Top start | dispensaryId=7
2026-01-15 17:14:18.178 -06:00 [INF] Binnacle.Top ok | count=7
2026-01-15 17:14:19.260 -06:00 [INF] Transactions.Top ok | count=7
2026-01-15 17:14:20.695 -06:00 [INF] Transactions.BySequence start | secuencia=9915005
2026-01-15 17:14:20.770 -06:00 [INF] Transactions.BySequence ok | secuencia=9915005
2026-01-15 17:14:26.681 -06:00 [INF] Station.DbInfo start
2026-01-15 17:14:31.716 -06:00 [INF] Station.DbInfo ok | result= dbctg | 172.26.200.100
2026-01-15 17:14:31.765 -06:00 [INF] Dispensarios.Get start | station=Monterrey
2026-01-15 17:14:31.869 -06:00 [INF] Dispensarios.Get ok | station=Monterrey | count=9
2026-01-15 17:14:34.292 -06:00 [INF] Binnacle.Top start | dispensaryId=3
2026-01-15 17:14:34.299 -06:00 [INF] Transactions.Top start | dispensaryId=3
2026-01-15 17:14:34.413 -06:00 [INF] Binnacle.Top ok | count=7
2026-01-15 17:14:39.332 -06:00 [INF] Transactions.Top ok | count=7
2026-01-15 17:14:42.431 -06:00 [INF] Transactions.BySequence start | secuencia=361203
2026-01-15 17:14:42.557 -06:00 [INF] Transactions.BySequence ok | secuencia=361203
2026-01-15 17:15:38.138 -06:00 [INF] Station.DbInfo start
2026-01-15 17:15:38.141 -06:00 [INF] Station.DbInfo ok | result= dbctg | 172.21.1.100
2026-01-15 17:15:38.376 -06:00 [INF] Dispensarios.Get start | station=Laboratorio
2026-01-15 17:15:38.429 -06:00 [INF] Dispensarios.Get ok | station=Laboratorio | count=16
2026-01-15 17:15:40.782 -06:00 [INF] Binnacle.Top start | dispensaryId=1
2026-01-15 17:15:40.827 -06:00 [INF] Transactions.Top start | dispensaryId=1
2026-01-15 17:15:40.837 -06:00 [INF] Binnacle.Top ok | count=7
2026-01-15 17:15:40.887 -06:00 [INF] Transactions.Top ok | count=7
2026-01-15 17:15:42.533 -06:00 [INF] Transactions.BySequence start | secuencia=9915008
2026-01-15 17:15:42.586 -06:00 [INF] Transactions.BySequence ok | secuencia=9915008
2026-01-15 17:23:27.561 -06:00 [INF] Station.DbInfo start
2026-01-15 17:23:27.842 -06:00 [INF] Station.DbInfo ok | result= dbctg | 172.21.1.100
2026-01-15 17:23:28.000 -06:00 [INF] Dispensarios.Get start | station=Laboratorio
2026-01-15 17:23:28.091 -06:00 [INF] Dispensarios.Get ok | station=Laboratorio | count=16
2026-01-15 17:23:31.684 -06:00 [INF] Binnacle.Top start | dispensaryId=1
2026-01-15 17:23:31.718 -06:00 [INF] Transactions.Top start | dispensaryId=1
2026-01-15 17:23:31.767 -06:00 [INF] Binnacle.Top ok | count=7
2026-01-15 17:23:32.052 -06:00 [INF] Transactions.Top ok | count=7
2026-01-15 17:23:33.336 -06:00 [INF] Transactions.BySequence start | secuencia=9915008
2026-01-15 17:23:33.397 -06:00 [INF] Transactions.BySequence ok | secuencia=9915008
2026-01-15 17:46:16.453 -06:00 [INF] Transactions.Top start | dispensaryId=0
2026-01-15 17:46:21.088 -06:00 [INF] Transactions.Top ok | count=7
2026-01-15 18:07:59.526 -06:00 [INF] Station.DbInfo start
2026-01-15 18:08:04.778 -06:00 [INF] Station.DbInfo ok | result= dbctg | 172.21.1.100
2026-01-15 18:08:05.079 -06:00 [INF] Dispensarios.Get start | station=Laboratorio
2026-01-15 18:08:06.094 -06:00 [INF] Dispensarios.Get ok | station=Laboratorio | count=16
2026-01-15 18:08:09.647 -06:00 [INF] Binnacle.Top start | dispensaryId=1
2026-01-15 18:08:09.779 -06:00 [INF] Transactions.Top start | dispensaryId=1
2026-01-15 18:08:10.006 -06:00 [INF] Binnacle.Top ok | dispensaryId=1 | count=7
2026-01-15 18:08:10.867 -06:00 [INF] Transactions.Top ok | dispensaryId=1 | count=7
2026-01-15 18:08:12.572 -06:00 [INF] Transactions.BySequence start | secuencia=9915114
2026-01-15 18:08:12.643 -06:00 [INF] Transactions.BySequence ok | secuencia=9915114
2026-01-15 18:16:24.213 -06:00 [INF] Station.DbInfo start
2026-01-15 18:16:28.332 -06:00 [INF] Station.DbInfo ok | result= dbctg | 172.21.1.100
2026-01-15 18:16:28.588 -06:00 [INF] Dispensarios.Get start | station=Laboratorio
2026-01-15 18:16:29.366 -06:00 [INF] Dispensarios.Get ok | station=Laboratorio | count=16
2026-01-15 18:21:53.119 -06:00 [INF] Station.DbInfo start
2026-01-15 18:21:57.235 -06:00 [INF] Station.DbInfo ok | result= dbctg | 172.21.1.100
2026-01-15 18:21:57.239 -06:00 [INF] Station.DbInfo end | elapsedMs=4123
2026-01-15 18:21:57.477 -06:00 [INF] Dispensarios.Get start | station=Laboratorio
2026-01-15 18:21:58.186 -06:00 [INF] Dispensarios.Get ok | station=Laboratorio | count=16
2026-01-15 18:22:02.641 -06:00 [INF] Station.DbInfo start
2026-01-15 18:22:08.123 -06:00 [INF] Station.DbInfo ok | result= dbctg | 172.26.200.100
2026-01-15 18:22:08.125 -06:00 [INF] Station.DbInfo end | elapsedMs=5483
2026-01-15 18:22:08.145 -06:00 [INF] Dispensarios.Get start | station=Monterrey
2026-01-15 18:22:08.267 -06:00 [INF] Dispensarios.Get ok | station=Monterrey | count=9
2026-01-15 18:23:48.499 -06:00 [INF] Station.DbInfo start
2026-01-15 18:23:53.031 -06:00 [INF] Station.DbInfo ok | result= dbctg | 172.21.1.100
2026-01-15 18:23:53.036 -06:00 [INF] Station.DbInfo end | elapsedMs=4539
2026-01-15 18:23:53.326 -06:00 [INF] Dispensarios.Get start | station=Laboratorio
2026-01-15 18:23:54.380 -06:00 [INF] Dispensarios.Get ok | station=Laboratorio | count=16
2026-01-15 18:24:02.102 -06:00 [INF] Station.DbInfo start
2026-01-15 18:24:07.219 -06:00 [INF] Station.DbInfo ok | result= dbctg | 172.26.200.100
2026-01-15 18:24:07.221 -06:00 [INF] Station.DbInfo end | elapsedMs=5118
2026-01-15 18:24:07.258 -06:00 [INF] Dispensarios.Get start | station=Monterrey
2026-01-15 18:24:07.345 -06:00 [INF] Dispensarios.Get ok | station=Monterrey | count=9
2026-01-15 18:24:13.967 -06:00 [INF] Station.DbInfo start
2026-01-15 18:24:19.461 -06:00 [INF] Station.DbInfo ok | result= dbctg | 172.26.201.100
2026-01-15 18:24:19.463 -06:00 [INF] Station.DbInfo end | elapsedMs=5496
2026-01-15 18:24:19.495 -06:00 [INF] Dispensarios.Get start | station=Queretaro
2026-01-15 18:24:19.645 -06:00 [INF] Dispensarios.Get ok | station=Queretaro | count=7
